Info in <TCanvas::MakeDefCanvas>:  created default TCanvas with name c1
[?1034hmap hEtaPlus input /data/easilar/METPhiCorr/RootFiles/WJets_Spring15/WJetsToLNu_TuneCUETP8M1_13TeV-amcatnloFXFX-pythia8_RunIISpring15MiniAODv2-74X_mcRun2_asymptotic_v2-v1.root mode multiplicity yZoomrange (-5, 5) fitRange (0, 500) xZoomRange (0, 800)
 FCN=21.5513 FROM MIGRAD    STATUS=CONVERGED      40 CALLS          41 TOTAL
                     EDM=5.25053e-23    STRATEGY= 1      ERROR MATRIX ACCURATE 
  EXT PARAMETER                                   STEP         FIRST   
  NO.   NAME      VALUE            ERROR          SIZE      DERIVATIVE 
   1  p0          -2.14280e-03   5.14341e-05   1.91091e-07  -6.48677e-08
   2  p1          -1.43451e-07   2.02345e-07   1.91091e-07  -6.59548e-05
 FCN=15.0478 FROM MIGRAD    STATUS=CONVERGED      40 CALLS          41 TOTAL
                     EDM=3.95339e-23    STRATEGY= 1      ERROR MATRIX ACCURATE 
  EXT PARAMETER                                   STEP         FIRST   
  NO.   NAME      VALUE            ERROR          SIZE      DERIVATIVE 
   1  p0           1.68179e-04   5.13136e-05   3.25687e-08  -1.36355e-07
   2  p1          -3.58884e-07   2.01844e-07   3.00000e-08   9.80464e-06
Info in <TCanvas::Print>: pdf file /afs/hephy.at/user/e/easilar/www/METPhiCorr/WJets_Spring15/hEtaPlus_mult.pdf has been created
Info in <TCanvas::SaveAs>: ROOT file /afs/hephy.at/user/e/easilar/www/METPhiCorr/WJets_Spring15/hEtaPlus_mult.root has been created
Info in <TCanvas::Print>: png file /afs/hephy.at/user/e/easilar/www/METPhiCorr/WJets_Spring15/hEtaPlus_mult.png has been created
Info in <TCanvas::MakeDefCanvas>:  created default TCanvas with name c1
[?1034hmap hEtaMinus input /data/easilar/METPhiCorr/RootFiles/WJets_Spring15/WJetsToLNu_TuneCUETP8M1_13TeV-amcatnloFXFX-pythia8_RunIISpring15MiniAODv2-74X_mcRun2_asymptotic_v2-v1.root mode multiplicity yZoomrange (-5, 5) fitRange (0, 500) xZoomRange (0, 800)
 FCN=8.41109 FROM MIGRAD    STATUS=CONVERGED      40 CALLS          41 TOTAL
                     EDM=3.45588e-23    STRATEGY= 1      ERROR MATRIX ACCURATE 
  EXT PARAMETER                                   STEP         FIRST   
  NO.   NAME      VALUE            ERROR          SIZE      DERIVATIVE 
   1  p0          -2.38832e-04   5.13515e-05   3.00000e-08   1.48030e-07
   2  p1          -9.31102e-08   2.00780e-07   3.00000e-08  -3.73035e-06
 FCN=31.3995 FROM MIGRAD    STATUS=CONVERGED      40 CALLS          41 TOTAL
                     EDM=6.41842e-24    STRATEGY= 1      ERROR MATRIX ACCURATE 
  EXT PARAMETER                                   STEP         FIRST   
  NO.   NAME      VALUE            ERROR          SIZE      DERIVATIVE 
   1  p0          -1.50615e-03   5.12257e-05   1.65786e-07   1.63555e-07
   2  p1          -1.50341e-06   2.00347e-07   1.65786e-07   2.78789e-05
Info in <TCanvas::Print>: pdf file /afs/hephy.at/user/e/easilar/www/METPhiCorr/WJets_Spring15/hEtaMinus_mult.pdf has been created
Info in <TCanvas::SaveAs>: ROOT file /afs/hephy.at/user/e/easilar/www/METPhiCorr/WJets_Spring15/hEtaMinus_mult.root has been created
Info in <TCanvas::Print>: png file /afs/hephy.at/user/e/easilar/www/METPhiCorr/WJets_Spring15/hEtaMinus_mult.png has been created
Info in <TCanvas::MakeDefCanvas>:  created default TCanvas with name c1
[?1034hmap h0Barrel input /data/easilar/METPhiCorr/RootFiles/WJets_Spring15/WJetsToLNu_TuneCUETP8M1_13TeV-amcatnloFXFX-pythia8_RunIISpring15MiniAODv2-74X_mcRun2_asymptotic_v2-v1.root mode multiplicity yZoomrange (-3, 3) fitRange (0, 30) xZoomRange (0, 50)
 FCN=17.8816 FROM MIGRAD    STATUS=CONVERGED      40 CALLS          41 TOTAL
                     EDM=4.17312e-22    STRATEGY= 1      ERROR MATRIX ACCURATE 
  EXT PARAMETER                                   STEP         FIRST   
  NO.   NAME      VALUE            ERROR          SIZE      DERIVATIVE 
   1  p0          -1.50644e-02   2.63534e-04   3.37622e-07  -1.57842e-07
   2  p1          -5.27736e-05   1.30842e-05   3.37622e-07  -1.02453e-06
 FCN=32.9351 FROM MIGRAD    STATUS=CONVERGED      40 CALLS          41 TOTAL
                     EDM=1.48229e-22    STRATEGY= 1      ERROR MATRIX ACCURATE 
  EXT PARAMETER                                   STEP         FIRST   
  NO.   NAME      VALUE            ERROR          SIZE      DERIVATIVE 
   1  p0           8.74461e-03   2.63660e-04   1.98882e-07  -8.93173e-08
   2  p1          -1.43601e-04   1.30939e-05   1.26111e-07  -5.08692e-07
Info in <TCanvas::Print>: pdf file /afs/hephy.at/user/e/easilar/www/METPhiCorr/WJets_Spring15/h0Barrel_mult.pdf has been created
Info in <TCanvas::SaveAs>: ROOT file /afs/hephy.at/user/e/easilar/www/METPhiCorr/WJets_Spring15/h0Barrel_mult.root has been created
Info in <TCanvas::Print>: png file /afs/hephy.at/user/e/easilar/www/METPhiCorr/WJets_Spring15/h0Barrel_mult.png has been created
Info in <TCanvas::MakeDefCanvas>:  created default TCanvas with name c1
[?1034hmap h0EndcapPlus input /data/easilar/METPhiCorr/RootFiles/WJets_Spring15/WJetsToLNu_TuneCUETP8M1_13TeV-amcatnloFXFX-pythia8_RunIISpring15MiniAODv2-74X_mcRun2_asymptotic_v2-v1.root mode multiplicity yZoomrange (-3, 3) fitRange (0, 55) xZoomRange (0, 50)
 FCN=289.87 FROM MIGRAD    STATUS=CONVERGED      41 CALLS          42 TOTAL
                     EDM=1.41613e-19    STRATEGY= 1      ERROR MATRIX ACCURATE 
  EXT PARAMETER                                   STEP         FIRST   
  NO.   NAME      VALUE            ERROR          SIZE      DERIVATIVE 
   1  p0          -2.90470e-03   2.69521e-04   4.26948e-07   1.66424e-06
   2  p1          -3.35242e-04   8.57565e-06   4.26948e-07  -9.87618e-06
 FCN=535.173 FROM MIGRAD    STATUS=CONVERGED      39 CALLS          40 TOTAL
                     EDM=1.38169e-20    STRATEGY= 1      ERROR MATRIX ACCURATE 
  EXT PARAMETER                                   STEP         FIRST   
  NO.   NAME      VALUE            ERROR          SIZE      DERIVATIVE 
   1  p0          -3.17617e-03   2.69207e-04   6.63307e-07  -4.28485e-07
   2  p1           1.54167e-04   8.57033e-06   6.63307e-08   5.99879e-06
Info in <TCanvas::Print>: pdf file /afs/hephy.at/user/e/easilar/www/METPhiCorr/WJets_Spring15/h0EndcapPlus_mult.pdf has been created
Info in <TCanvas::SaveAs>: ROOT file /afs/hephy.at/user/e/easilar/www/METPhiCorr/WJets_Spring15/h0EndcapPlus_mult.root has been created
Info in <TCanvas::Print>: png file /afs/hephy.at/user/e/easilar/www/METPhiCorr/WJets_Spring15/h0EndcapPlus_mult.png has been created
Info in <TCanvas::MakeDefCanvas>:  created default TCanvas with name c1
[?1034hmap h0EndcapMinus input /data/easilar/METPhiCorr/RootFiles/WJets_Spring15/WJetsToLNu_TuneCUETP8M1_13TeV-amcatnloFXFX-pythia8_RunIISpring15MiniAODv2-74X_mcRun2_asymptotic_v2-v1.root mode multiplicity yZoomrange (-3, 3) fitRange (0, 50) xZoomRange (0, 50)
 FCN=220.875 FROM MIGRAD    STATUS=CONVERGED      41 CALLS          42 TOTAL
                     EDM=1.12036e-20    STRATEGY= 1      ERROR MATRIX ACCURATE 
  EXT PARAMETER                                   STEP         FIRST   
  NO.   NAME      VALUE            ERROR          SIZE      DERIVATIVE 
   1  p0          -1.74642e-04   2.68560e-04   3.26280e-07   4.35542e-07
   2  p1           1.19125e-04   8.39277e-06   1.20838e-07  -3.94195e-06
 FCN=432.392 FROM MIGRAD    STATUS=CONVERGED      41 CALLS          42 TOTAL
                     EDM=1.73925e-21    STRATEGY= 1      ERROR MATRIX ACCURATE 
  EXT PARAMETER                                   STEP         FIRST   
  NO.   NAME      VALUE            ERROR          SIZE      DERIVATIVE 
   1  p0           2.66658e-02   2.69374e-04   7.65560e-07  -5.56881e-07
   2  p1          -9.93170e-05   8.41725e-06   7.65560e-07  -1.12297e-05
Info in <TCanvas::Print>: pdf file /afs/hephy.at/user/e/easilar/www/METPhiCorr/WJets_Spring15/h0EndcapMinus_mult.pdf has been created
Info in <TCanvas::SaveAs>: ROOT file /afs/hephy.at/user/e/easilar/www/METPhiCorr/WJets_Spring15/h0EndcapMinus_mult.root has been created
Info in <TCanvas::Print>: png file /afs/hephy.at/user/e/easilar/www/METPhiCorr/WJets_Spring15/h0EndcapMinus_mult.png has been created
Info in <TCanvas::MakeDefCanvas>:  created default TCanvas with name c1
[?1034hmap gammaBarrel input /data/easilar/METPhiCorr/RootFiles/WJets_Spring15/WJetsToLNu_TuneCUETP8M1_13TeV-amcatnloFXFX-pythia8_RunIISpring15MiniAODv2-74X_mcRun2_asymptotic_v2-v1.root mode multiplicity yZoomrange (-2, 2) fitRange (0, 250) xZoomRange (0, 500)
 FCN=35.0842 FROM MIGRAD    STATUS=CONVERGED      40 CALLS          41 TOTAL
                     EDM=8.82928e-22    STRATEGY= 1      ERROR MATRIX ACCURATE 
  EXT PARAMETER                                   STEP         FIRST   
  NO.   NAME      VALUE            ERROR          SIZE      DERIVATIVE 
   1  p0          -1.58464e-03   5.73328e-05   9.49454e-08   7.48370e-07
   2  p1           2.66429e-06   4.67118e-07   9.49454e-08   2.02060e-06
 FCN=70.0036 FROM MIGRAD    STATUS=CONVERGED      40 CALLS          41 TOTAL
                     EDM=4.99889e-22    STRATEGY= 1      ERROR MATRIX ACCURATE 
  EXT PARAMETER                                   STEP         FIRST   
  NO.   NAME      VALUE            ERROR          SIZE      DERIVATIVE 
   1  p0          -6.98900e-04   5.76553e-05   8.22139e-08   4.32131e-07
   2  p1           5.78015e-06   4.70071e-07   3.00000e-08  -1.49912e-05
Info in <TCanvas::Print>: pdf file /afs/hephy.at/user/e/easilar/www/METPhiCorr/WJets_Spring15/gammaBarrel_mult.pdf has been created
Info in <TCanvas::SaveAs>: ROOT file /afs/hephy.at/user/e/easilar/www/METPhiCorr/WJets_Spring15/gammaBarrel_mult.root has been created
Info in <TCanvas::Print>: png file /afs/hephy.at/user/e/easilar/www/METPhiCorr/WJets_Spring15/gammaBarrel_mult.png has been created
Info in <TCanvas::MakeDefCanvas>:  created default TCanvas with name c1
[?1034hmap gammaEndcapPlus input /data/easilar/METPhiCorr/RootFiles/WJets_Spring15/WJetsToLNu_TuneCUETP8M1_13TeV-amcatnloFXFX-pythia8_RunIISpring15MiniAODv2-74X_mcRun2_asymptotic_v2-v1.root mode multiplicity yZoomrange (-3, 3) fitRange (0, 80) xZoomRange (0, 100)
 FCN=9.95925 FROM MIGRAD    STATUS=CONVERGED      40 CALLS          41 TOTAL
                     EDM=2.89115e-23    STRATEGY= 1      ERROR MATRIX ACCURATE 
  EXT PARAMETER                                   STEP         FIRST   
  NO.   NAME      VALUE            ERROR          SIZE      DERIVATIVE 
   1  p0          -1.08771e-03   1.52281e-04   8.34946e-08  -6.38253e-08
   2  p1          -2.49511e-05   4.33665e-06   5.50855e-08  -5.28261e-07
 FCN=5.45988 FROM MIGRAD    STATUS=CONVERGED      40 CALLS          41 TOTAL
                     EDM=1.35589e-21    STRATEGY= 1      ERROR MATRIX ACCURATE 
  EXT PARAMETER                                   STEP         FIRST   
  NO.   NAME      VALUE            ERROR          SIZE      DERIVATIVE 
   1  p0           1.83911e-03   1.53382e-04   1.30335e-07  -3.57766e-07
   2  p1           8.10595e-05   4.36183e-06   1.30335e-07  -6.84722e-07
Info in <TCanvas::Print>: pdf file /afs/hephy.at/user/e/easilar/www/METPhiCorr/WJets_Spring15/gammaEndcapPlus_mult.pdf has been created
Info in <TCanvas::SaveAs>: ROOT file /afs/hephy.at/user/e/easilar/www/METPhiCorr/WJets_Spring15/gammaEndcapPlus_mult.root has been created
Info in <TCanvas::Print>: png file /afs/hephy.at/user/e/easilar/www/METPhiCorr/WJets_Spring15/gammaEndcapPlus_mult.png has been created
Info in <TCanvas::MakeDefCanvas>:  created default TCanvas with name c1
[?1034hmap gammaEndcapMinus input /data/easilar/METPhiCorr/RootFiles/WJets_Spring15/WJetsToLNu_TuneCUETP8M1_13TeV-amcatnloFXFX-pythia8_RunIISpring15MiniAODv2-74X_mcRun2_asymptotic_v2-v1.root mode multiplicity yZoomrange (-3, 3) fitRange (0, 70) xZoomRange (0, 100)
 FCN=7.4903 FROM MIGRAD    STATUS=CONVERGED      40 CALLS          41 TOTAL
                     EDM=1.2762e-22    STRATEGY= 1      ERROR MATRIX ACCURATE 
  EXT PARAMETER                                   STEP         FIRST   
  NO.   NAME      VALUE            ERROR          SIZE      DERIVATIVE 
   1  p0          -1.58900e-03   1.53911e-04   7.37989e-08  -1.50439e-07
   2  p1           2.12607e-05   4.39902e-06   3.00000e-08  -1.78649e-06
 FCN=8.19206 FROM MIGRAD    STATUS=CONVERGED      40 CALLS          41 TOTAL
                     EDM=5.95796e-22    STRATEGY= 1      ERROR MATRIX ACCURATE 
  EXT PARAMETER                                   STEP         FIRST   
  NO.   NAME      VALUE            ERROR          SIZE      DERIVATIVE 
   1  p0          -3.23732e-03   1.53430e-04   1.09620e-07   1.62047e-07
   2  p1          -1.87861e-05   4.37927e-06   1.09620e-07  -2.30132e-06
Info in <TCanvas::Print>: pdf file /afs/hephy.at/user/e/easilar/www/METPhiCorr/WJets_Spring15/gammaEndcapMinus_mult.pdf has been created
Info in <TCanvas::SaveAs>: ROOT file /afs/hephy.at/user/e/easilar/www/METPhiCorr/WJets_Spring15/gammaEndcapMinus_mult.root has been created
Info in <TCanvas::Print>: png file /afs/hephy.at/user/e/easilar/www/METPhiCorr/WJets_Spring15/gammaEndcapMinus_mult.png has been created
Info in <TCanvas::MakeDefCanvas>:  created default TCanvas with name c1
[?1034hmap hHFPlus input /data/easilar/METPhiCorr/RootFiles/WJets_Spring15/WJetsToLNu_TuneCUETP8M1_13TeV-amcatnloFXFX-pythia8_RunIISpring15MiniAODv2-74X_mcRun2_asymptotic_v2-v1.root mode multiplicity yZoomrange (-4, 4) fitRange (20, 250) xZoomRange (0, 300)
 FCN=24.6233 FROM MIGRAD    STATUS=CONVERGED      40 CALLS          41 TOTAL
                     EDM=1.05703e-23    STRATEGY= 1      ERROR MATRIX ACCURATE 
  EXT PARAMETER                                   STEP         FIRST   
  NO.   NAME      VALUE            ERROR          SIZE      DERIVATIVE 
   1  p0          -3.80381e-05   7.96976e-05   4.35444e-08   0.00000e+00
   2  p1          -2.18501e-06   4.23438e-07   3.80157e-08  -1.08585e-05
 FCN=21.7673 FROM MIGRAD    STATUS=CONVERGED      40 CALLS          41 TOTAL
                     EDM=1.87815e-21    STRATEGY= 1      ERROR MATRIX ACCURATE 
  EXT PARAMETER                                   STEP         FIRST   
  NO.   NAME      VALUE            ERROR          SIZE      DERIVATIVE 
   1  p0          -1.85326e-04   8.01129e-05   4.12598e-08   6.45795e-07
   2  p1           1.11202e-06   4.25486e-07   3.00000e-08  -2.29280e-05
Info in <TCanvas::Print>: pdf file /afs/hephy.at/user/e/easilar/www/METPhiCorr/WJets_Spring15/hHFPlus_mult.pdf has been created
Info in <TCanvas::SaveAs>: ROOT file /afs/hephy.at/user/e/easilar/www/METPhiCorr/WJets_Spring15/hHFPlus_mult.root has been created
Info in <TCanvas::Print>: png file /afs/hephy.at/user/e/easilar/www/METPhiCorr/WJets_Spring15/hHFPlus_mult.png has been created
Info in <TCanvas::MakeDefCanvas>:  created default TCanvas with name c1
[?1034hmap hHFMinus input /data/easilar/METPhiCorr/RootFiles/WJets_Spring15/WJetsToLNu_TuneCUETP8M1_13TeV-amcatnloFXFX-pythia8_RunIISpring15MiniAODv2-74X_mcRun2_asymptotic_v2-v1.root mode multiplicity yZoomrange (-4, 4) fitRange (0, 250) xZoomRange (0, 300)
 FCN=43.7698 FROM MIGRAD    STATUS=CONVERGED      40 CALLS          41 TOTAL
                     EDM=4.20047e-22    STRATEGY= 1      ERROR MATRIX ACCURATE 
  EXT PARAMETER                                   STEP         FIRST   
  NO.   NAME      VALUE            ERROR          SIZE      DERIVATIVE 
   1  p0          -6.68995e-04   7.95325e-05   6.37033e-08  -2.78849e-07
   2  p1          -4.80898e-07   4.22908e-07   6.37033e-08   1.64069e-05
 FCN=21.6963 FROM MIGRAD    STATUS=CONVERGED      40 CALLS          41 TOTAL
                     EDM=1.54353e-22    STRATEGY= 1      ERROR MATRIX ACCURATE 
  EXT PARAMETER                                   STEP         FIRST   
  NO.   NAME      VALUE            ERROR          SIZE      DERIVATIVE 
   1  p0          -5.36548e-05   8.00098e-05   4.11946e-08  -2.15605e-07
   2  p1           3.50682e-08   4.25359e-07   3.00000e-08   7.69755e-07
Info in <TCanvas::Print>: pdf file /afs/hephy.at/user/e/easilar/www/METPhiCorr/WJets_Spring15/hHFMinus_mult.pdf has been created
Info in <TCanvas::SaveAs>: ROOT file /afs/hephy.at/user/e/easilar/www/METPhiCorr/WJets_Spring15/hHFMinus_mult.root has been created
Info in <TCanvas::Print>: png file /afs/hephy.at/user/e/easilar/www/METPhiCorr/WJets_Spring15/hHFMinus_mult.png has been created
Info in <TCanvas::MakeDefCanvas>:  created default TCanvas with name c1
[?1034hmap egammaHFPlus input /data/easilar/METPhiCorr/RootFiles/WJets_Spring15/WJetsToLNu_TuneCUETP8M1_13TeV-amcatnloFXFX-pythia8_RunIISpring15MiniAODv2-74X_mcRun2_asymptotic_v2-v1.root mode multiplicity yZoomrange (-4, 4) fitRange (0, 170) xZoomRange (0, 300)
 FCN=140.646 FROM MIGRAD    STATUS=CONVERGED      42 CALLS          43 TOTAL
                     EDM=5.98932e-22    STRATEGY= 1      ERROR MATRIX ACCURATE 
  EXT PARAMETER                                   STEP         FIRST   
  NO.   NAME      VALUE            ERROR          SIZE      DERIVATIVE 
   1  p0           1.43442e-03   4.92304e-05   1.46523e-07   2.51472e-06
   2  p1          -6.80925e-06   3.71168e-07   1.46523e-07   4.16930e-04
 FCN=24.1276 FROM MIGRAD    STATUS=CONVERGED      42 CALLS          43 TOTAL
                     EDM=4.00873e-22    STRATEGY= 1      ERROR MATRIX ACCURATE 
  EXT PARAMETER                                   STEP         FIRST   
  NO.   NAME      VALUE            ERROR          SIZE      DERIVATIVE 
   1  p0          -5.45802e-04   4.94562e-05   6.40895e-08   1.48595e-06
   2  p1           2.33736e-06   3.72786e-07   6.40895e-08   1.23210e-04
Info in <TCanvas::Print>: pdf file /afs/hephy.at/user/e/easilar/www/METPhiCorr/WJets_Spring15/egammaHFPlus_mult.pdf has been created
Info in <TCanvas::SaveAs>: ROOT file /afs/hephy.at/user/e/easilar/www/METPhiCorr/WJets_Spring15/egammaHFPlus_mult.root has been created
Info in <TCanvas::Print>: png file /afs/hephy.at/user/e/easilar/www/METPhiCorr/WJets_Spring15/egammaHFPlus_mult.png has been created
Info in <TCanvas::MakeDefCanvas>:  created default TCanvas with name c1
[?1034hmap egammaHFMinus input /data/easilar/METPhiCorr/RootFiles/WJets_Spring15/WJetsToLNu_TuneCUETP8M1_13TeV-amcatnloFXFX-pythia8_RunIISpring15MiniAODv2-74X_mcRun2_asymptotic_v2-v1.root mode multiplicity yZoomrange (-4, 4) fitRange (0, 180) xZoomRange (0, 300)
 FCN=42.0872 FROM MIGRAD    STATUS=CONVERGED      42 CALLS          43 TOTAL
                     EDM=1.5729e-21    STRATEGY= 1      ERROR MATRIX ACCURATE 
  EXT PARAMETER                                   STEP         FIRST   
  NO.   NAME      VALUE            ERROR          SIZE      DERIVATIVE 
   1  p0           1.06055e-03   4.89679e-05   1.54455e-07   2.85786e-07
   2  p1          -3.66761e-06   3.67278e-07   1.54455e-07   1.90515e-04
 FCN=45.9915 FROM MIGRAD    STATUS=CONVERGED      42 CALLS          43 TOTAL
                     EDM=5.6105e-21    STRATEGY= 1      ERROR MATRIX ACCURATE 
  EXT PARAMETER                                   STEP         FIRST   
  NO.   NAME      VALUE            ERROR          SIZE      DERIVATIVE 
   1  p0           5.00640e-04   4.90552e-05   3.32230e-08  -2.67338e-06
   2  p1          -2.94527e-06   3.67864e-07   3.32230e-08  -6.90802e-05
Info in <TCanvas::Print>: pdf file /afs/hephy.at/user/e/easilar/www/METPhiCorr/WJets_Spring15/egammaHFMinus_mult.pdf has been created
Info in <TCanvas::SaveAs>: ROOT file /afs/hephy.at/user/e/easilar/www/METPhiCorr/WJets_Spring15/egammaHFMinus_mult.root has been created
Info in <TCanvas::Print>: png file /afs/hephy.at/user/e/easilar/www/METPhiCorr/WJets_Spring15/egammaHFMinus_mult.png has been created
Outputs written to: multPhiCorr_76_WJets_Spring15_cfi.py
Info in <TCanvas::MakeDefCanvas>:  created default TCanvas with name c1
[?1034hmap hEtaPlus input /data/easilar/METPhiCorr/RootFiles/TTJets_Spring15/TT_TuneCUETP8M1_13TeV-powheg-pythia8_RunIISpring15MiniAODv2-74X_mcRun2_asymptotic_v2-v1.root mode multiplicity yZoomrange (-5, 5) fitRange (0, 500) xZoomRange (0, 800)
 FCN=11.5527 FROM MIGRAD    STATUS=CONVERGED      40 CALLS          41 TOTAL
                     EDM=8.15628e-23    STRATEGY= 1      ERROR MATRIX ACCURATE 
  EXT PARAMETER                                   STEP         FIRST   
  NO.   NAME      VALUE            ERROR          SIZE      DERIVATIVE 
   1  p0          -2.54781e-03   1.42017e-04   7.94938e-08  -5.58646e-08
   2  p1           1.10450e-06   4.93897e-07   7.94938e-08   1.00675e-05
 FCN=18.6771 FROM MIGRAD    STATUS=CONVERGED      40 CALLS          41 TOTAL
                     EDM=1.59682e-22    STRATEGY= 1      ERROR MATRIX ACCURATE 
  EXT PARAMETER                                   STEP         FIRST   
  NO.   NAME      VALUE            ERROR          SIZE      DERIVATIVE 
   1  p0           1.03108e-03   1.41530e-04   8.95567e-08  -9.91749e-08
   2  p1          -7.35744e-07   4.92408e-07   3.01537e-08   8.06251e-06
Info in <TCanvas::Print>: pdf file /afs/hephy.at/user/e/easilar/www/METPhiCorr/TTJets_Spring15/hEtaPlus_mult.pdf has been created
Info in <TCanvas::SaveAs>: ROOT file /afs/hephy.at/user/e/easilar/www/METPhiCorr/TTJets_Spring15/hEtaPlus_mult.root has been created
Info in <TCanvas::Print>: png file /afs/hephy.at/user/e/easilar/www/METPhiCorr/TTJets_Spring15/hEtaPlus_mult.png has been created
Info in <TCanvas::MakeDefCanvas>:  created default TCanvas with name c1
[?1034hmap hEtaMinus input /data/easilar/METPhiCorr/RootFiles/TTJets_Spring15/TT_TuneCUETP8M1_13TeV-powheg-pythia8_RunIISpring15MiniAODv2-74X_mcRun2_asymptotic_v2-v1.root mode multiplicity yZoomrange (-5, 5) fitRange (0, 500) xZoomRange (0, 800)
 FCN=14.605 FROM MIGRAD    STATUS=CONVERGED      40 CALLS          41 TOTAL
                     EDM=2.23358e-23    STRATEGY= 1      ERROR MATRIX ACCURATE 
  EXT PARAMETER                                   STEP         FIRST   
  NO.   NAME      VALUE            ERROR          SIZE      DERIVATIVE 
   1  p0           4.77360e-04   1.41782e-04   7.96041e-08  -5.57872e-08
   2  p1          -1.29214e-06   4.90536e-07   3.00000e-08  -2.63493e-06
 FCN=8.1061 FROM MIGRAD    STATUS=CONVERGED      40 CALLS          41 TOTAL
                     EDM=1.35466e-21    STRATEGY= 1      ERROR MATRIX ACCURATE 
  EXT PARAMETER                                   STEP         FIRST   
  NO.   NAME      VALUE            ERROR          SIZE      DERIVATIVE 
   1  p0          -2.25324e-03   1.41353e-04   8.92334e-08  -3.48370e-07
   2  p1          -9.02470e-07   4.89064e-07   8.92334e-08   5.98684e-06
Info in <TCanvas::Print>: pdf file /afs/hephy.at/user/e/easilar/www/METPhiCorr/TTJets_Spring15/hEtaMinus_mult.pdf has been created
Info in <TCanvas::SaveAs>: ROOT file /afs/hephy.at/user/e/easilar/www/METPhiCorr/TTJets_Spring15/hEtaMinus_mult.root has been created
Info in <TCanvas::Print>: png file /afs/hephy.at/user/e/easilar/www/METPhiCorr/TTJets_Spring15/hEtaMinus_mult.png has been created
Info in <TCanvas::MakeDefCanvas>:  created default TCanvas with name c1
[?1034hmap h0Barrel input /data/easilar/METPhiCorr/RootFiles/TTJets_Spring15/TT_TuneCUETP8M1_13TeV-powheg-pythia8_RunIISpring15MiniAODv2-74X_mcRun2_asymptotic_v2-v1.root mode multiplicity yZoomrange (-3, 3) fitRange (0, 30) xZoomRange (0, 50)
 FCN=30.3562 FROM MIGRAD    STATUS=CONVERGED      45 CALLS          46 TOTAL
                     EDM=1.31545e-22    STRATEGY= 1      ERROR MATRIX ACCURATE 
  EXT PARAMETER                                   STEP         FIRST   
  NO.   NAME      VALUE            ERROR          SIZE      DERIVATIVE 
   1  p0          -1.26404e-02   7.10404e-04   4.05809e-07   4.37732e-08
   2  p1          -1.02125e-04   3.12876e-05   1.78726e-08   4.96949e-07
 FCN=20.9705 FROM MIGRAD    STATUS=CONVERGED      43 CALLS          44 TOTAL
                     EDM=8.25429e-22    STRATEGY= 1      ERROR MATRIX ACCURATE 
  EXT PARAMETER                                   STEP         FIRST   
  NO.   NAME      VALUE            ERROR          SIZE      DERIVATIVE 
   1  p0           5.54132e-03   7.11279e-04   3.40187e-07  -3.13303e-08
   2  p1          -1.24724e-04   3.13373e-05   1.49878e-08   5.92599e-07
Info in <TCanvas::Print>: pdf file /afs/hephy.at/user/e/easilar/www/METPhiCorr/TTJets_Spring15/h0Barrel_mult.pdf has been created
Info in <TCanvas::SaveAs>: ROOT file /afs/hephy.at/user/e/easilar/www/METPhiCorr/TTJets_Spring15/h0Barrel_mult.root has been created
Info in <TCanvas::Print>: png file /afs/hephy.at/user/e/easilar/www/METPhiCorr/TTJets_Spring15/h0Barrel_mult.png has been created
Info in <TCanvas::MakeDefCanvas>:  created default TCanvas with name c1
[?1034hmap h0EndcapPlus input /data/easilar/METPhiCorr/RootFiles/TTJets_Spring15/TT_TuneCUETP8M1_13TeV-powheg-pythia8_RunIISpring15MiniAODv2-74X_mcRun2_asymptotic_v2-v1.root mode multiplicity yZoomrange (-3, 3) fitRange (0, 55) xZoomRange (0, 50)
 FCN=195.51 FROM MIGRAD    STATUS=CONVERGED      41 CALLS          42 TOTAL
                     EDM=6.11324e-21    STRATEGY= 1      ERROR MATRIX ACCURATE 
  EXT PARAMETER                                   STEP         FIRST   
  NO.   NAME      VALUE            ERROR          SIZE      DERIVATIVE 
   1  p0          -6.25729e-03   4.77070e-04   5.64570e-07  -1.25856e-07
   2  p1          -1.75281e-04   1.54068e-05   2.07758e-07   3.30681e-06
 FCN=93.4462 FROM MIGRAD    STATUS=CONVERGED      39 CALLS          40 TOTAL
                     EDM=1.35307e-20    STRATEGY= 1      ERROR MATRIX ACCURATE 
  EXT PARAMETER                                   STEP         FIRST   
  NO.   NAME      VALUE            ERROR          SIZE      DERIVATIVE 
   1  p0          -3.57665e-03   4.77890e-04   3.92176e-07  -6.34129e-07
   2  p1           1.75685e-04   1.54303e-05   3.84575e-08  -9.23802e-06
Info in <TCanvas::Print>: pdf file /afs/hephy.at/user/e/easilar/www/METPhiCorr/TTJets_Spring15/h0EndcapPlus_mult.pdf has been created
Info in <TCanvas::SaveAs>: ROOT file /afs/hephy.at/user/e/easilar/www/METPhiCorr/TTJets_Spring15/h0EndcapPlus_mult.root has been created
Info in <TCanvas::Print>: png file /afs/hephy.at/user/e/easilar/www/METPhiCorr/TTJets_Spring15/h0EndcapPlus_mult.png has been created
Info in <TCanvas::MakeDefCanvas>:  created default TCanvas with name c1
[?1034hmap h0EndcapMinus input /data/easilar/METPhiCorr/RootFiles/TTJets_Spring15/TT_TuneCUETP8M1_13TeV-powheg-pythia8_RunIISpring15MiniAODv2-74X_mcRun2_asymptotic_v2-v1.root mode multiplicity yZoomrange (-3, 3) fitRange (0, 50) xZoomRange (0, 50)
 FCN=106.196 FROM MIGRAD    STATUS=CONVERGED      41 CALLS          42 TOTAL
                     EDM=1.80282e-21    STRATEGY= 1      ERROR MATRIX ACCURATE 
  EXT PARAMETER                                   STEP         FIRST   
  NO.   NAME      VALUE            ERROR          SIZE      DERIVATIVE 
   1  p0           2.97819e-04   4.75024e-04   4.06298e-07   1.74882e-07
   2  p1           1.05314e-04   1.50612e-05   6.76200e-08   1.56008e-06
 FCN=213.079 FROM MIGRAD    STATUS=CONVERGED      41 CALLS          42 TOTAL
                     EDM=7.37903e-22    STRATEGY= 1      ERROR MATRIX ACCURATE 
  EXT PARAMETER                                   STEP         FIRST   
  NO.   NAME      VALUE            ERROR          SIZE      DERIVATIVE 
   1  p0           3.01437e-02   4.78355e-04   5.77644e-07   3.69021e-07
   2  p1          -2.26138e-04   1.51616e-05   4.19830e-07   9.87925e-06
Info in <TCanvas::Print>: pdf file /afs/hephy.at/user/e/easilar/www/METPhiCorr/TTJets_Spring15/h0EndcapMinus_mult.pdf has been created
Info in <TCanvas::SaveAs>: ROOT file /afs/hephy.at/user/e/easilar/www/METPhiCorr/TTJets_Spring15/h0EndcapMinus_mult.root has been created
Info in <TCanvas::Print>: png file /afs/hephy.at/user/e/easilar/www/METPhiCorr/TTJets_Spring15/h0EndcapMinus_mult.png has been created
Info in <TCanvas::MakeDefCanvas>:  created default TCanvas with name c1
[?1034hmap gammaBarrel input /data/easilar/METPhiCorr/RootFiles/TTJets_Spring15/TT_TuneCUETP8M1_13TeV-powheg-pythia8_RunIISpring15MiniAODv2-74X_mcRun2_asymptotic_v2-v1.root mode multiplicity yZoomrange (-2, 2) fitRange (0, 250) xZoomRange (0, 500)
 FCN=19.6623 FROM MIGRAD    STATUS=CONVERGED      40 CALLS          41 TOTAL
                     EDM=9.87888e-26    STRATEGY= 1      ERROR MATRIX ACCURATE 
  EXT PARAMETER                                   STEP         FIRST   
  NO.   NAME      VALUE            ERROR          SIZE      DERIVATIVE 
   1  p0          -1.47393e-03   1.67739e-04   1.03469e-07   0.00000e+00
   2  p1           7.82353e-07   1.08044e-06   4.31778e-08  -4.11405e-07
 FCN=12.6986 FROM MIGRAD    STATUS=CONVERGED      40 CALLS          41 TOTAL
                     EDM=2.09677e-23    STRATEGY= 1      ERROR MATRIX ACCURATE 
  EXT PARAMETER                                   STEP         FIRST   
  NO.   NAME      VALUE            ERROR          SIZE      DERIVATIVE 
   1  p0           6.35320e-04   1.68314e-04   8.45532e-08   5.25219e-08
   2  p1           5.23169e-07   1.08500e-06   3.00000e-08   2.30449e-06
Info in <TCanvas::Print>: pdf file /afs/hephy.at/user/e/easilar/www/METPhiCorr/TTJets_Spring15/gammaBarrel_mult.pdf has been created
Info in <TCanvas::SaveAs>: ROOT file /afs/hephy.at/user/e/easilar/www/METPhiCorr/TTJets_Spring15/gammaBarrel_mult.root has been created
Info in <TCanvas::Print>: png file /afs/hephy.at/user/e/easilar/www/METPhiCorr/TTJets_Spring15/gammaBarrel_mult.png has been created
Info in <TCanvas::MakeDefCanvas>:  created default TCanvas with name c1
[?1034hmap gammaEndcapPlus input /data/easilar/METPhiCorr/RootFiles/TTJets_Spring15/TT_TuneCUETP8M1_13TeV-powheg-pythia8_RunIISpring15MiniAODv2-74X_mcRun2_asymptotic_v2-v1.root mode multiplicity yZoomrange (-3, 3) fitRange (0, 80) xZoomRange (0, 100)
 FCN=9.56289 FROM MIGRAD    STATUS=CONVERGED      44 CALLS          45 TOTAL
                     EDM=1.61841e-23    STRATEGY= 1      ERROR MATRIX ACCURATE 
  EXT PARAMETER                                   STEP         FIRST   
  NO.   NAME      VALUE            ERROR          SIZE      DERIVATIVE 
   1  p0          -2.01479e-03   2.92456e-04   1.64007e-07   5.41550e-08
   2  p1           2.30588e-05   7.87353e-06   4.41541e-09   2.01154e-06
 FCN=15.5681 FROM MIGRAD    STATUS=CONVERGED      44 CALLS          45 TOTAL
                     EDM=1.89555e-23    STRATEGY= 1      ERROR MATRIX ACCURATE 
  EXT PARAMETER                                   STEP         FIRST   
  NO.   NAME      VALUE            ERROR          SIZE      DERIVATIVE 
   1  p0           2.07360e-03   2.94538e-04   2.06200e-07   4.30735e-08
   2  p1           7.00189e-05   7.90154e-06   6.53472e-09   2.03875e-06
Info in <TCanvas::Print>: pdf file /afs/hephy.at/user/e/easilar/www/METPhiCorr/TTJets_Spring15/gammaEndcapPlus_mult.pdf has been created
Info in <TCanvas::SaveAs>: ROOT file /afs/hephy.at/user/e/easilar/www/METPhiCorr/TTJets_Spring15/gammaEndcapPlus_mult.root has been created
Info in <TCanvas::Print>: png file /afs/hephy.at/user/e/easilar/www/METPhiCorr/TTJets_Spring15/gammaEndcapPlus_mult.png has been created
Info in <TCanvas::MakeDefCanvas>:  created default TCanvas with name c1
[?1034hmap gammaEndcapMinus input /data/easilar/METPhiCorr/RootFiles/TTJets_Spring15/TT_TuneCUETP8M1_13TeV-powheg-pythia8_RunIISpring15MiniAODv2-74X_mcRun2_asymptotic_v2-v1.root mode multiplicity yZoomrange (-3, 3) fitRange (0, 70) xZoomRange (0, 100)
 FCN=23.5336 FROM MIGRAD    STATUS=CONVERGED      38 CALLS          39 TOTAL
                     EDM=2.07562e-22    STRATEGY= 1      ERROR MATRIX ACCURATE 
  EXT PARAMETER                                   STEP         FIRST   
  NO.   NAME      VALUE            ERROR          SIZE      DERIVATIVE 
   1  p0          -1.33279e-03   2.96698e-04   3.00000e-07   5.92119e-08
   2  p1           1.42688e-05   8.04235e-06   3.00000e-08  -3.69017e-07
 FCN=11.3514 FROM MIGRAD    STATUS=CONVERGED      40 CALLS          41 TOTAL
                     EDM=1.33453e-22    STRATEGY= 1      ERROR MATRIX ACCURATE 
  EXT PARAMETER                                   STEP         FIRST   
  NO.   NAME      VALUE            ERROR          SIZE      DERIVATIVE 
   1  p0          -2.30659e-03   2.95601e-04   1.76924e-07   2.51005e-08
   2  p1          -1.16772e-04   7.99551e-06   9.29019e-08   2.88722e-06
Info in <TCanvas::Print>: pdf file /afs/hephy.at/user/e/easilar/www/METPhiCorr/TTJets_Spring15/gammaEndcapMinus_mult.pdf has been created
Info in <TCanvas::SaveAs>: ROOT file /afs/hephy.at/user/e/easilar/www/METPhiCorr/TTJets_Spring15/gammaEndcapMinus_mult.root has been created
Info in <TCanvas::Print>: png file /afs/hephy.at/user/e/easilar/www/METPhiCorr/TTJets_Spring15/gammaEndcapMinus_mult.png has been created
Info in <TCanvas::MakeDefCanvas>:  created default TCanvas with name c1
[?1034hmap hHFPlus input /data/easilar/METPhiCorr/RootFiles/TTJets_Spring15/TT_TuneCUETP8M1_13TeV-powheg-pythia8_RunIISpring15MiniAODv2-74X_mcRun2_asymptotic_v2-v1.root mode multiplicity yZoomrange (-4, 4) fitRange (20, 250) xZoomRange (0, 300)
 FCN=24.5813 FROM MIGRAD    STATUS=CONVERGED      47 CALLS          48 TOTAL
                     EDM=1.61184e-22    STRATEGY= 1      ERROR MATRIX ACCURATE 
  EXT PARAMETER                                   STEP         FIRST   
  NO.   NAME      VALUE            ERROR          SIZE      DERIVATIVE 
   1  p0           3.84718e-05   1.19000e-04   6.14111e-08   2.89257e-07
   2  p1          -2.22829e-06   6.19014e-07   3.19448e-10   2.78035e-05
 FCN=26.6006 FROM MIGRAD    STATUS=CONVERGED      28 CALLS          29 TOTAL
                     EDM=9.14e-06    STRATEGY= 1      ERROR MATRIX ACCURATE 
  EXT PARAMETER                                   STEP         FIRST   
  NO.   NAME      VALUE            ERROR          SIZE      DERIVATIVE 
   1  p0           3.20497e-05   1.19936e-04   3.00000e-06   1.79247e+01
   2  p1           1.66681e-07   6.23641e-07   3.00000e-06  -3.44660e+03
Info in <TCanvas::Print>: pdf file /afs/hephy.at/user/e/easilar/www/METPhiCorr/TTJets_Spring15/hHFPlus_mult.pdf has been created
Info in <TCanvas::SaveAs>: ROOT file /afs/hephy.at/user/e/easilar/www/METPhiCorr/TTJets_Spring15/hHFPlus_mult.root has been created
Info in <TCanvas::Print>: png file /afs/hephy.at/user/e/easilar/www/METPhiCorr/TTJets_Spring15/hHFPlus_mult.png has been created
Info in <TCanvas::MakeDefCanvas>:  created default TCanvas with name c1
[?1034hmap hHFMinus input /data/easilar/METPhiCorr/RootFiles/TTJets_Spring15/TT_TuneCUETP8M1_13TeV-powheg-pythia8_RunIISpring15MiniAODv2-74X_mcRun2_asymptotic_v2-v1.root mode multiplicity yZoomrange (-4, 4) fitRange (0, 250) xZoomRange (0, 300)
 FCN=14.7927 FROM MIGRAD    STATUS=CONVERGED      47 CALLS          48 TOTAL
                     EDM=3.44173e-21    STRATEGY= 1      ERROR MATRIX ACCURATE 
  EXT PARAMETER                                   STEP         FIRST   
  NO.   NAME      VALUE            ERROR          SIZE      DERIVATIVE 
   1  p0          -8.90527e-04   1.18722e-04   4.82701e-08  -4.60004e-07
   2  p1           4.62350e-07   6.18042e-07   4.76948e-10   4.65553e-05
 FCN=50.7295 FROM MIGRAD    STATUS=CONVERGED      47 CALLS          48 TOTAL
                     EDM=1.16902e-21    STRATEGY= 1      ERROR MATRIX ACCURATE 
  EXT PARAMETER                                   STEP         FIRST   
  NO.   NAME      VALUE            ERROR          SIZE      DERIVATIVE 
   1  p0           2.37920e-04   1.19562e-04   8.78470e-08   4.04421e-07
   2  p1          -1.37170e-06   6.22359e-07   4.57272e-10   0.00000e+00
Info in <TCanvas::Print>: pdf file /afs/hephy.at/user/e/easilar/www/METPhiCorr/TTJets_Spring15/hHFMinus_mult.pdf has been created
Info in <TCanvas::SaveAs>: ROOT file /afs/hephy.at/user/e/easilar/www/METPhiCorr/TTJets_Spring15/hHFMinus_mult.root has been created
Info in <TCanvas::Print>: png file /afs/hephy.at/user/e/easilar/www/METPhiCorr/TTJets_Spring15/hHFMinus_mult.png has been created
Info in <TCanvas::MakeDefCanvas>:  created default TCanvas with name c1
[?1034hmap egammaHFPlus input /data/easilar/METPhiCorr/RootFiles/TTJets_Spring15/TT_TuneCUETP8M1_13TeV-powheg-pythia8_RunIISpring15MiniAODv2-74X_mcRun2_asymptotic_v2-v1.root mode multiplicity yZoomrange (-4, 4) fitRange (0, 170) xZoomRange (0, 300)
 FCN=150.346 FROM MIGRAD    STATUS=CONVERGED      42 CALLS          43 TOTAL
                     EDM=4.8561e-22    STRATEGY= 1      ERROR MATRIX ACCURATE 
  EXT PARAMETER                                   STEP         FIRST   
  NO.   NAME      VALUE            ERROR          SIZE      DERIVATIVE 
   1  p0           1.48867e-03   5.52152e-05   1.38048e-07   1.08898e-06
   2  p1          -7.01129e-06   4.16385e-07   1.38048e-07   2.16608e-04
 FCN=25.2445 FROM MIGRAD    STATUS=CONVERGED      42 CALLS          43 TOTAL
                     EDM=3.77176e-22    STRATEGY= 1      ERROR MATRIX ACCURATE 
  EXT PARAMETER                                   STEP         FIRST   
  NO.   NAME      VALUE            ERROR          SIZE      DERIVATIVE 
   1  p0          -5.45128e-04   5.54512e-05   5.41472e-08   8.20151e-07
   2  p1           2.44384e-06   4.18092e-07   5.41472e-08   1.72667e-04
Info in <TCanvas::Print>: pdf file /afs/hephy.at/user/e/easilar/www/METPhiCorr/TTJets_Spring15/egammaHFPlus_mult.pdf has been created
Info in <TCanvas::SaveAs>: ROOT file /afs/hephy.at/user/e/easilar/www/METPhiCorr/TTJets_Spring15/egammaHFPlus_mult.root has been created
Info in <TCanvas::Print>: png file /afs/hephy.at/user/e/easilar/www/METPhiCorr/TTJets_Spring15/egammaHFPlus_mult.png has been created
Info in <TCanvas::MakeDefCanvas>:  created default TCanvas with name c1
[?1034hmap egammaHFMinus input /data/easilar/METPhiCorr/RootFiles/TTJets_Spring15/TT_TuneCUETP8M1_13TeV-powheg-pythia8_RunIISpring15MiniAODv2-74X_mcRun2_asymptotic_v2-v1.root mode multiplicity yZoomrange (-4, 4) fitRange (0, 180) xZoomRange (0, 300)
 FCN=29.8117 FROM MIGRAD    STATUS=CONVERGED      42 CALLS          43 TOTAL
                     EDM=1.70002e-21    STRATEGY= 1      ERROR MATRIX ACCURATE 
  EXT PARAMETER                                   STEP         FIRST   
  NO.   NAME      VALUE            ERROR          SIZE      DERIVATIVE 
   1  p0           1.11306e-03   5.49060e-05   1.41431e-07  -3.02734e-07
   2  p1          -3.96923e-06   4.11904e-07   1.41431e-07  -1.81592e-04
 FCN=41.5227 FROM MIGRAD    STATUS=CONVERGED      42 CALLS          43 TOTAL
                     EDM=2.04133e-21    STRATEGY= 1      ERROR MATRIX ACCURATE 
  EXT PARAMETER                                   STEP         FIRST   
  NO.   NAME      VALUE            ERROR          SIZE      DERIVATIVE 
   1  p0           5.00182e-04   5.50407e-05   3.28788e-08   6.48329e-07
   2  p1          -2.83282e-06   4.12858e-07   3.28788e-08  -6.85702e-05
Info in <TCanvas::Print>: pdf file /afs/hephy.at/user/e/easilar/www/METPhiCorr/TTJets_Spring15/egammaHFMinus_mult.pdf has been created
Info in <TCanvas::SaveAs>: ROOT file /afs/hephy.at/user/e/easilar/www/METPhiCorr/TTJets_Spring15/egammaHFMinus_mult.root has been created
Info in <TCanvas::Print>: png file /afs/hephy.at/user/e/easilar/www/METPhiCorr/TTJets_Spring15/egammaHFMinus_mult.png has been created
Outputs written to: multPhiCorr_76_TTJets_Spring15_cfi.py
Info in <TCanvas::MakeDefCanvas>:  created default TCanvas with name c1
[?1034hmap hEtaPlus input /data/easilar/METPhiCorr/RootFiles/WJets_Fall15/WJetsToLNu_TuneCUETP8M1_13TeV-amcatnloFXFX-pythia8_RunIIFall15MiniAODv2-PU25nsData2015v1_76X_mcRun2_asymptotic_v12-v1.root mode multiplicity yZoomrange (-5, 5) fitRange (0, 500) xZoomRange (0, 800)
 FCN=18.1702 FROM MIGRAD    STATUS=CONVERGED      40 CALLS          41 TOTAL
                     EDM=9.5966e-23    STRATEGY= 1      ERROR MATRIX ACCURATE 
  EXT PARAMETER                                   STEP         FIRST   
  NO.   NAME      VALUE            ERROR          SIZE      DERIVATIVE 
   1  p0          -2.71201e-03   5.76893e-05   1.88121e-07   5.89123e-08
   2  p1           7.74837e-07   2.74914e-07   1.88121e-07   6.18122e-05
 FCN=18.9292 FROM MIGRAD    STATUS=CONVERGED      40 CALLS          41 TOTAL
                     EDM=8.26073e-24    STRATEGY= 1      ERROR MATRIX ACCURATE 
  EXT PARAMETER                                   STEP         FIRST   
  NO.   NAME      VALUE            ERROR          SIZE      DERIVATIVE 
   1  p0           1.15390e-03   5.76215e-05   8.87935e-08   2.00055e-07
   2  p1           2.51332e-07   2.74534e-07   8.87935e-08   3.64491e-05
Info in <TCanvas::Print>: pdf file /afs/hephy.at/user/e/easilar/www/METPhiCorr/WJets_Fall15/hEtaPlus_mult.pdf has been created
Info in <TCanvas::SaveAs>: ROOT file /afs/hephy.at/user/e/easilar/www/METPhiCorr/WJets_Fall15/hEtaPlus_mult.root has been created
Info in <TCanvas::Print>: png file /afs/hephy.at/user/e/easilar/www/METPhiCorr/WJets_Fall15/hEtaPlus_mult.png has been created
Info in <TCanvas::MakeDefCanvas>:  created default TCanvas with name c1
[?1034hmap hEtaMinus input /data/easilar/METPhiCorr/RootFiles/WJets_Fall15/WJetsToLNu_TuneCUETP8M1_13TeV-amcatnloFXFX-pythia8_RunIIFall15MiniAODv2-PU25nsData2015v1_76X_mcRun2_asymptotic_v12-v1.root mode multiplicity yZoomrange (-5, 5) fitRange (0, 500) xZoomRange (0, 800)
 FCN=27.4075 FROM MIGRAD    STATUS=CONVERGED      40 CALLS          41 TOTAL
                     EDM=1.12792e-21    STRATEGY= 1      ERROR MATRIX ACCURATE 
  EXT PARAMETER                                   STEP         FIRST   
  NO.   NAME      VALUE            ERROR          SIZE      DERIVATIVE 
   1  p0          -9.32858e-03   5.91318e-05   7.00624e-07   8.47195e-07
   2  p1          -2.52317e-06   2.92401e-07   7.00624e-07   9.51815e-06
 FCN=10.3377 FROM MIGRAD    STATUS=CONVERGED      40 CALLS          41 TOTAL
                     EDM=3.39981e-22    STRATEGY= 1      ERROR MATRIX ACCURATE 
  EXT PARAMETER                                   STEP         FIRST   
  NO.   NAME      VALUE            ERROR          SIZE      DERIVATIVE 
   1  p0           1.71052e-03   5.89943e-05   1.21945e-07   2.98821e-07
   2  p1          -4.86204e-08   2.91626e-07   1.21945e-07  -3.02249e-05
Info in <TCanvas::Print>: pdf file /afs/hephy.at/user/e/easilar/www/METPhiCorr/WJets_Fall15/hEtaMinus_mult.pdf has been created
Info in <TCanvas::SaveAs>: ROOT file /afs/hephy.at/user/e/easilar/www/METPhiCorr/WJets_Fall15/hEtaMinus_mult.root has been created
Info in <TCanvas::Print>: png file /afs/hephy.at/user/e/easilar/www/METPhiCorr/WJets_Fall15/hEtaMinus_mult.png has been created
Info in <TCanvas::MakeDefCanvas>:  created default TCanvas with name c1
[?1034hmap h0Barrel input /data/easilar/METPhiCorr/RootFiles/WJets_Fall15/WJetsToLNu_TuneCUETP8M1_13TeV-amcatnloFXFX-pythia8_RunIIFall15MiniAODv2-PU25nsData2015v1_76X_mcRun2_asymptotic_v12-v1.root mode multiplicity yZoomrange (-3, 3) fitRange (0, 30) xZoomRange (0, 50)
 FCN=19.3319 FROM MIGRAD    STATUS=CONVERGED      40 CALLS          41 TOTAL
                     EDM=5.20163e-22    STRATEGY= 1      ERROR MATRIX ACCURATE 
  EXT PARAMETER                                   STEP         FIRST   
  NO.   NAME      VALUE            ERROR          SIZE      DERIVATIVE 
   1  p0          -7.10162e-03   2.57911e-04   1.75288e-07  -1.52009e-07
   2  p1          -2.08083e-05   1.61698e-05   1.36645e-07  -4.57180e-07
 FCN=28.8753 FROM MIGRAD    STATUS=CONVERGED      40 CALLS          41 TOTAL
                     EDM=3.60872e-24    STRATEGY= 1      ERROR MATRIX ACCURATE 
  EXT PARAMETER                                   STEP         FIRST   
  NO.   NAME      VALUE            ERROR          SIZE      DERIVATIVE 
   1  p0          -5.86352e-04   2.58032e-04   2.12534e-07  -3.34319e-08
   2  p1          -8.65388e-05   1.61936e-05   3.66640e-08  -4.84496e-07
Info in <TCanvas::Print>: pdf file /afs/hephy.at/user/e/easilar/www/METPhiCorr/WJets_Fall15/h0Barrel_mult.pdf has been created
Info in <TCanvas::SaveAs>: ROOT file /afs/hephy.at/user/e/easilar/www/METPhiCorr/WJets_Fall15/h0Barrel_mult.root has been created
Info in <TCanvas::Print>: png file /afs/hephy.at/user/e/easilar/www/METPhiCorr/WJets_Fall15/h0Barrel_mult.png has been created
Info in <TCanvas::MakeDefCanvas>:  created default TCanvas with name c1
[?1034hmap h0EndcapPlus input /data/easilar/METPhiCorr/RootFiles/WJets_Fall15/WJetsToLNu_TuneCUETP8M1_13TeV-amcatnloFXFX-pythia8_RunIIFall15MiniAODv2-PU25nsData2015v1_76X_mcRun2_asymptotic_v12-v1.root mode multiplicity yZoomrange (-3, 3) fitRange (0, 55) xZoomRange (0, 50)
 FCN=63.3072 FROM MIGRAD    STATUS=CONVERGED      38 CALLS          39 TOTAL
                     EDM=6.17704e-22    STRATEGY= 1      ERROR MATRIX ACCURATE 
  EXT PARAMETER                                   STEP         FIRST   
  NO.   NAME      VALUE            ERROR          SIZE      DERIVATIVE 
   1  p0          -3.82228e-03   2.56749e-04   3.00000e-07   4.73695e-07
   2  p1           1.58961e-04   1.39370e-05   3.00000e-08   9.47390e-06
 FCN=92.1681 FROM MIGRAD    STATUS=CONVERGED      40 CALLS          41 TOTAL
                     EDM=5.48143e-21    STRATEGY= 1      ERROR MATRIX ACCURATE 
  EXT PARAMETER                                   STEP         FIRST   
  NO.   NAME      VALUE            ERROR          SIZE      DERIVATIVE 
   1  p0           9.58531e-03   2.56910e-04   3.18071e-07   4.46782e-07
   2  p1           1.68422e-04   1.39401e-05   2.73999e-07   7.52037e-07
Info in <TCanvas::Print>: pdf file /afs/hephy.at/user/e/easilar/www/METPhiCorr/WJets_Fall15/h0EndcapPlus_mult.pdf has been created
Info in <TCanvas::SaveAs>: ROOT file /afs/hephy.at/user/e/easilar/www/METPhiCorr/WJets_Fall15/h0EndcapPlus_mult.root has been created
Info in <TCanvas::Print>: png file /afs/hephy.at/user/e/easilar/www/METPhiCorr/WJets_Fall15/h0EndcapPlus_mult.png has been created
Info in <TCanvas::MakeDefCanvas>:  created default TCanvas with name c1
[?1034hmap h0EndcapMinus input /data/easilar/METPhiCorr/RootFiles/WJets_Fall15/WJetsToLNu_TuneCUETP8M1_13TeV-amcatnloFXFX-pythia8_RunIIFall15MiniAODv2-PU25nsData2015v1_76X_mcRun2_asymptotic_v12-v1.root mode multiplicity yZoomrange (-3, 3) fitRange (0, 50) xZoomRange (0, 50)
 FCN=54.7393 FROM MIGRAD    STATUS=CONVERGED      40 CALLS          41 TOTAL
                     EDM=6.74083e-21    STRATEGY= 1      ERROR MATRIX ACCURATE 
  EXT PARAMETER                                   STEP         FIRST   
  NO.   NAME      VALUE            ERROR          SIZE      DERIVATIVE 
   1  p0           1.15324e-03   2.57799e-04   2.40607e-07  -3.69141e-07
   2  p1           2.32825e-04   1.34096e-05   1.24736e-07   1.60580e-06
 FCN=115.142 FROM MIGRAD    STATUS=CONVERGED      40 CALLS          41 TOTAL
                     EDM=2.14207e-20    STRATEGY= 1      ERROR MATRIX ACCURATE 
  EXT PARAMETER                                   STEP         FIRST   
  NO.   NAME      VALUE            ERROR          SIZE      DERIVATIVE 
   1  p0           1.87537e-02   2.58821e-04   4.54920e-07  -5.46667e-07
   2  p1           9.90806e-05   1.34681e-05   4.54920e-07   4.97615e-06
Info in <TCanvas::Print>: pdf file /afs/hephy.at/user/e/easilar/www/METPhiCorr/WJets_Fall15/h0EndcapMinus_mult.pdf has been created
Info in <TCanvas::SaveAs>: ROOT file /afs/hephy.at/user/e/easilar/www/METPhiCorr/WJets_Fall15/h0EndcapMinus_mult.root has been created
Info in <TCanvas::Print>: png file /afs/hephy.at/user/e/easilar/www/METPhiCorr/WJets_Fall15/h0EndcapMinus_mult.png has been created
Info in <TCanvas::MakeDefCanvas>:  created default TCanvas with name c1
[?1034hmap gammaBarrel input /data/easilar/METPhiCorr/RootFiles/WJets_Fall15/WJetsToLNu_TuneCUETP8M1_13TeV-amcatnloFXFX-pythia8_RunIIFall15MiniAODv2-PU25nsData2015v1_76X_mcRun2_asymptotic_v12-v1.root mode multiplicity yZoomrange (-2, 2) fitRange (0, 250) xZoomRange (0, 500)
 FCN=73.6396 FROM MIGRAD    STATUS=CONVERGED      39 CALLS          40 TOTAL
                     EDM=3.90947e-22    STRATEGY= 1      ERROR MATRIX ACCURATE 
  EXT PARAMETER                                   STEP         FIRST   
  NO.   NAME      VALUE            ERROR          SIZE      DERIVATIVE 
   1  p0          -1.82402e-03   6.34916e-05   9.85358e-08  -3.60551e-07
   2  p1           5.26666e-06   6.34080e-07   8.54583e-08   8.48078e-06
 FCN=163.809 FROM MIGRAD    STATUS=CONVERGED      39 CALLS          40 TOTAL
                     EDM=2.63602e-22    STRATEGY= 1      ERROR MATRIX ACCURATE 
  EXT PARAMETER                                   STEP         FIRST   
  NO.   NAME      VALUE            ERROR          SIZE      DERIVATIVE 
   1  p0          -1.98000e-03   6.38344e-05   1.47015e-07  -4.83312e-07
   2  p1           9.39399e-06   6.38401e-07   7.47888e-08  -1.36689e-05
Info in <TCanvas::Print>: pdf file /afs/hephy.at/user/e/easilar/www/METPhiCorr/WJets_Fall15/gammaBarrel_mult.pdf has been created
Info in <TCanvas::SaveAs>: ROOT file /afs/hephy.at/user/e/easilar/www/METPhiCorr/WJets_Fall15/gammaBarrel_mult.root has been created
Info in <TCanvas::Print>: png file /afs/hephy.at/user/e/easilar/www/METPhiCorr/WJets_Fall15/gammaBarrel_mult.png has been created
Info in <TCanvas::MakeDefCanvas>:  created default TCanvas with name c1
[?1034hmap gammaEndcapPlus input /data/easilar/METPhiCorr/RootFiles/WJets_Fall15/WJetsToLNu_TuneCUETP8M1_13TeV-amcatnloFXFX-pythia8_RunIIFall15MiniAODv2-PU25nsData2015v1_76X_mcRun2_asymptotic_v12-v1.root mode multiplicity yZoomrange (-3, 3) fitRange (0, 80) xZoomRange (0, 100)
 FCN=7.07931 FROM MIGRAD    STATUS=CONVERGED      44 CALLS          45 TOTAL
                     EDM=1.43807e-23    STRATEGY= 1      ERROR MATRIX ACCURATE 
  EXT PARAMETER                                   STEP         FIRST   
  NO.   NAME      VALUE            ERROR          SIZE      DERIVATIVE 
   1  p0          -9.99952e-04   1.61216e-04   8.00645e-08  -5.54664e-08
   2  p1          -5.68231e-06   5.46665e-06   3.00000e-09  -7.40149e-07
 FCN=19.7419 FROM MIGRAD    STATUS=CONVERGED      46 CALLS          47 TOTAL
                     EDM=7.89414e-23    STRATEGY= 1      ERROR MATRIX ACCURATE 
  EXT PARAMETER                                   STEP         FIRST   
  NO.   NAME      VALUE            ERROR          SIZE      DERIVATIVE 
   1  p0           2.02123e-03   1.61927e-04   1.28693e-07   1.38030e-07
   2  p1           7.20485e-05   5.48094e-06   4.35604e-09   2.03896e-06
Info in <TCanvas::Print>: pdf file /afs/hephy.at/user/e/easilar/www/METPhiCorr/WJets_Fall15/gammaEndcapPlus_mult.pdf has been created
Info in <TCanvas::SaveAs>: ROOT file /afs/hephy.at/user/e/easilar/www/METPhiCorr/WJets_Fall15/gammaEndcapPlus_mult.root has been created
Info in <TCanvas::Print>: png file /afs/hephy.at/user/e/easilar/www/METPhiCorr/WJets_Fall15/gammaEndcapPlus_mult.png has been created
Info in <TCanvas::MakeDefCanvas>:  created default TCanvas with name c1
[?1034hmap gammaEndcapMinus input /data/easilar/METPhiCorr/RootFiles/WJets_Fall15/WJetsToLNu_TuneCUETP8M1_13TeV-amcatnloFXFX-pythia8_RunIIFall15MiniAODv2-PU25nsData2015v1_76X_mcRun2_asymptotic_v12-v1.root mode multiplicity yZoomrange (-3, 3) fitRange (0, 70) xZoomRange (0, 100)
 FCN=18.339 FROM MIGRAD    STATUS=CONVERGED      44 CALLS          45 TOTAL
                     EDM=5.82466e-22    STRATEGY= 1      ERROR MATRIX ACCURATE 
  EXT PARAMETER                                   STEP         FIRST   
  NO.   NAME      VALUE            ERROR          SIZE      DERIVATIVE 
   1  p0          -4.17715e-05   1.63826e-04   1.25996e-07  -1.40986e-07
   2  p1           1.34148e-05   5.50392e-06   4.23296e-09   2.09824e-06
 FCN=12.2593 FROM MIGRAD    STATUS=CONVERGED      46 CALLS          47 TOTAL
                     EDM=1.23215e-22    STRATEGY= 1      ERROR MATRIX ACCURATE 
  EXT PARAMETER                                   STEP         FIRST   
  NO.   NAME      VALUE            ERROR          SIZE      DERIVATIVE 
   1  p0          -3.15285e-03   1.63222e-04   1.03865e-07   1.71025e-07
   2  p1           2.52808e-06   5.47404e-06   3.48337e-09   2.54977e-06
Info in <TCanvas::Print>: pdf file /afs/hephy.at/user/e/easilar/www/METPhiCorr/WJets_Fall15/gammaEndcapMinus_mult.pdf has been created
Info in <TCanvas::SaveAs>: ROOT file /afs/hephy.at/user/e/easilar/www/METPhiCorr/WJets_Fall15/gammaEndcapMinus_mult.root has been created
Info in <TCanvas::Print>: png file /afs/hephy.at/user/e/easilar/www/METPhiCorr/WJets_Fall15/gammaEndcapMinus_mult.png has been created
Info in <TCanvas::MakeDefCanvas>:  created default TCanvas with name c1
[?1034hmap hHFPlus input /data/easilar/METPhiCorr/RootFiles/WJets_Fall15/WJetsToLNu_TuneCUETP8M1_13TeV-amcatnloFXFX-pythia8_RunIIFall15MiniAODv2-PU25nsData2015v1_76X_mcRun2_asymptotic_v12-v1.root mode multiplicity yZoomrange (-4, 4) fitRange (20, 250) xZoomRange (0, 300)
 FCN=13.7488 FROM MIGRAD    STATUS=CONVERGED      40 CALLS          41 TOTAL
                     EDM=8.60604e-24    STRATEGY= 1      ERROR MATRIX ACCURATE 
  EXT PARAMETER                                   STEP         FIRST   
  NO.   NAME      VALUE            ERROR          SIZE      DERIVATIVE 
   1  p0          -1.07227e-04   6.33719e-05   9.48115e-08  -1.40518e-07
   2  p1          -5.76642e-06   3.80631e-07   9.48115e-08  -1.35445e-05
 FCN=25.8411 FROM MIGRAD    STATUS=CONVERGED      40 CALLS          41 TOTAL
                     EDM=3.55003e-22    STRATEGY= 1      ERROR MATRIX ACCURATE 
  EXT PARAMETER                                   STEP         FIRST   
  NO.   NAME      VALUE            ERROR          SIZE      DERIVATIVE 
   1  p0          -8.35476e-04   6.37163e-05   1.66141e-07   3.59971e-07
   2  p1          -6.34133e-06   3.82622e-07   1.66141e-07  -9.99072e-06
Info in <TCanvas::Print>: pdf file /afs/hephy.at/user/e/easilar/www/METPhiCorr/WJets_Fall15/hHFPlus_mult.pdf has been created
Info in <TCanvas::SaveAs>: ROOT file /afs/hephy.at/user/e/easilar/www/METPhiCorr/WJets_Fall15/hHFPlus_mult.root has been created
Info in <TCanvas::Print>: png file /afs/hephy.at/user/e/easilar/www/METPhiCorr/WJets_Fall15/hHFPlus_mult.png has been created
Info in <TCanvas::MakeDefCanvas>:  created default TCanvas with name c1
[?1034hmap hHFMinus input /data/easilar/METPhiCorr/RootFiles/WJets_Fall15/WJetsToLNu_TuneCUETP8M1_13TeV-amcatnloFXFX-pythia8_RunIIFall15MiniAODv2-PU25nsData2015v1_76X_mcRun2_asymptotic_v12-v1.root mode multiplicity yZoomrange (-4, 4) fitRange (0, 250) xZoomRange (0, 300)
 FCN=40.9564 FROM MIGRAD    STATUS=CONVERGED      40 CALLS          41 TOTAL
                     EDM=5.98327e-22    STRATEGY= 1      ERROR MATRIX ACCURATE 
  EXT PARAMETER                                   STEP         FIRST   
  NO.   NAME      VALUE            ERROR          SIZE      DERIVATIVE 
   1  p0          -1.20206e-03   6.34483e-05   1.57198e-07  -4.52006e-07
   2  p1          -3.52527e-06   3.82325e-07   1.57198e-07   1.59238e-05
 FCN=18.982 FROM MIGRAD    STATUS=CONVERGED      40 CALLS          41 TOTAL
                     EDM=2.39039e-22    STRATEGY= 1      ERROR MATRIX ACCURATE 
  EXT PARAMETER                                   STEP         FIRST   
  NO.   NAME      VALUE            ERROR          SIZE      DERIVATIVE 
   1  p0          -7.48676e-04   6.37186e-05   1.68261e-07   1.38416e-07
   2  p1          -7.08451e-06   3.83836e-07   1.68261e-07  -3.44665e-05
Info in <TCanvas::Print>: pdf file /afs/hephy.at/user/e/easilar/www/METPhiCorr/WJets_Fall15/hHFMinus_mult.pdf has been created
Info in <TCanvas::SaveAs>: ROOT file /afs/hephy.at/user/e/easilar/www/METPhiCorr/WJets_Fall15/hHFMinus_mult.root has been created
Info in <TCanvas::Print>: png file /afs/hephy.at/user/e/easilar/www/METPhiCorr/WJets_Fall15/hHFMinus_mult.png has been created
Info in <TCanvas::MakeDefCanvas>:  created default TCanvas with name c1
[?1034hmap egammaHFPlus input /data/easilar/METPhiCorr/RootFiles/WJets_Fall15/WJetsToLNu_TuneCUETP8M1_13TeV-amcatnloFXFX-pythia8_RunIIFall15MiniAODv2-PU25nsData2015v1_76X_mcRun2_asymptotic_v12-v1.root mode multiplicity yZoomrange (-4, 4) fitRange (0, 170) xZoomRange (0, 300)
 FCN=109.635 FROM MIGRAD    STATUS=CONVERGED      41 CALLS          42 TOTAL
                     EDM=2.16797e-06    STRATEGY= 1      ERROR MATRIX ACCURATE 
  EXT PARAMETER                                   STEP         FIRST   
  NO.   NAME      VALUE            ERROR          SIZE      DERIVATIVE 
   1  p0           2.89451e-04   3.91066e-05   1.81233e-07  -2.66706e+01
   2  p1           2.12590e-06   2.89517e-07   1.81233e-07   3.60265e+03
 FCN=210.542 FROM MIGRAD    STATUS=CONVERGED      48 CALLS          49 TOTAL
                     EDM=2.60282e-20    STRATEGY= 1      ERROR MATRIX ACCURATE 
  EXT PARAMETER                                   STEP         FIRST   
  NO.   NAME      VALUE            ERROR          SIZE      DERIVATIVE 
   1  p0           1.50942e-04   3.94010e-05   3.33681e-08  -6.38822e-06
   2  p1           1.38719e-06   2.91648e-07   1.07433e-09  -8.13676e-05
Info in <TCanvas::Print>: pdf file /afs/hephy.at/user/e/easilar/www/METPhiCorr/WJets_Fall15/egammaHFPlus_mult.pdf has been created
Info in <TCanvas::SaveAs>: ROOT file /afs/hephy.at/user/e/easilar/www/METPhiCorr/WJets_Fall15/egammaHFPlus_mult.root has been created
Info in <TCanvas::Print>: png file /afs/hephy.at/user/e/easilar/www/METPhiCorr/WJets_Fall15/egammaHFPlus_mult.png has been created
Info in <TCanvas::MakeDefCanvas>:  created default TCanvas with name c1
[?1034hmap egammaHFMinus input /data/easilar/METPhiCorr/RootFiles/WJets_Fall15/WJetsToLNu_TuneCUETP8M1_13TeV-amcatnloFXFX-pythia8_RunIIFall15MiniAODv2-PU25nsData2015v1_76X_mcRun2_asymptotic_v12-v1.root mode multiplicity yZoomrange (-4, 4) fitRange (0, 180) xZoomRange (0, 300)
 FCN=235.89 FROM MIGRAD    STATUS=CONVERGED      48 CALLS          49 TOTAL
                     EDM=4.55254e-20    STRATEGY= 1      ERROR MATRIX ACCURATE 
  EXT PARAMETER                                   STEP         FIRST   
  NO.   NAME      VALUE            ERROR          SIZE      DERIVATIVE 
   1  p0           1.64358e-04   3.87704e-05   3.50912e-08   6.07453e-06
   2  p1           3.16308e-06   2.85356e-07   1.87472e-09  -2.33437e-04
 FCN=219.72 FROM MIGRAD    STATUS=CONVERGED      41 CALLS          42 TOTAL
                     EDM=1.97972e-07    STRATEGY= 1      ERROR MATRIX ACCURATE 
  EXT PARAMETER                                   STEP         FIRST   
  NO.   NAME      VALUE            ERROR          SIZE      DERIVATIVE 
   1  p0           2.77610e-04   3.87665e-05   1.74654e-07  -8.13051e+00
   2  p1           2.03191e-06   2.85287e-07   1.74654e-07   1.10485e+03
Info in <TCanvas::Print>: pdf file /afs/hephy.at/user/e/easilar/www/METPhiCorr/WJets_Fall15/egammaHFMinus_mult.pdf has been created
Info in <TCanvas::SaveAs>: ROOT file /afs/hephy.at/user/e/easilar/www/METPhiCorr/WJets_Fall15/egammaHFMinus_mult.root has been created
Info in <TCanvas::Print>: png file /afs/hephy.at/user/e/easilar/www/METPhiCorr/WJets_Fall15/egammaHFMinus_mult.png has been created
Outputs written to: multPhiCorr_76_WJets_Fall15_cfi.py
Info in <TCanvas::MakeDefCanvas>:  created default TCanvas with name c1
[?1034hmap hEtaPlus input /data/easilar/METPhiCorr/RootFiles/TTJets_Fall15/TT_TuneCUETP8M1_13TeV-powheg-pythia8_RunIIFall15MiniAODv2-PU25nsData2015v1_76X_mcRun2_asymptotic_v12_ext4-v1.root mode multiplicity yZoomrange (-5, 5) fitRange (0, 500) xZoomRange (0, 800)
 FCN=22.7968 FROM MIGRAD    STATUS=CONVERGED      40 CALLS          41 TOTAL
                     EDM=2.53025e-21    STRATEGY= 1      ERROR MATRIX ACCURATE 
  EXT PARAMETER                                   STEP         FIRST   
  NO.   NAME      VALUE            ERROR          SIZE      DERIVATIVE 
   1  p0          -3.19442e-03   1.13831e-04   1.08789e-07  -6.53137e-07
   2  p1           2.47424e-06   4.66298e-07   1.08789e-07  -7.26231e-06
 FCN=23.8914 FROM MIGRAD    STATUS=CONVERGED      40 CALLS          41 TOTAL
                     EDM=1.41351e-21    STRATEGY= 1      ERROR MATRIX ACCURATE 
  EXT PARAMETER                                   STEP         FIRST   
  NO.   NAME      VALUE            ERROR          SIZE      DERIVATIVE 
   1  p0           1.88589e-03   1.13660e-04   8.62167e-08   4.12068e-07
   2  p1           7.39726e-07   4.65737e-07   8.55018e-08  -1.42216e-05
Info in <TCanvas::Print>: pdf file /afs/hephy.at/user/e/easilar/www/METPhiCorr/TTJets_Fall15/hEtaPlus_mult.pdf has been created
Info in <TCanvas::SaveAs>: ROOT file /afs/hephy.at/user/e/easilar/www/METPhiCorr/TTJets_Fall15/hEtaPlus_mult.root has been created
Info in <TCanvas::Print>: png file /afs/hephy.at/user/e/easilar/www/METPhiCorr/TTJets_Fall15/hEtaPlus_mult.png has been created
Info in <TCanvas::MakeDefCanvas>:  created default TCanvas with name c1
[?1034hmap hEtaMinus input /data/easilar/METPhiCorr/RootFiles/TTJets_Fall15/TT_TuneCUETP8M1_13TeV-powheg-pythia8_RunIIFall15MiniAODv2-PU25nsData2015v1_76X_mcRun2_asymptotic_v12_ext4-v1.root mode multiplicity yZoomrange (-5, 5) fitRange (0, 500) xZoomRange (0, 800)
 FCN=39.4937 FROM MIGRAD    STATUS=CONVERGED      40 CALLS          41 TOTAL
                     EDM=6.87557e-21    STRATEGY= 1      ERROR MATRIX ACCURATE 
  EXT PARAMETER                                   STEP         FIRST   
  NO.   NAME      VALUE            ERROR          SIZE      DERIVATIVE 
   1  p0          -9.32466e-03   1.16592e-04   4.25433e-07  -4.42802e-07
   2  p1          -5.66534e-06   4.93836e-07   4.25433e-07   1.35906e-04
 FCN=45.2367 FROM MIGRAD    STATUS=CONVERGED      40 CALLS          41 TOTAL
                     EDM=2.03242e-21    STRATEGY= 1      ERROR MATRIX ACCURATE 
  EXT PARAMETER                                   STEP         FIRST   
  NO.   NAME      VALUE            ERROR          SIZE      DERIVATIVE 
   1  p0           1.87509e-03   1.16261e-04   1.20902e-07   5.87700e-07
   2  p1           2.09170e-06   4.92377e-07   9.50268e-08   9.81243e-06
Info in <TCanvas::Print>: pdf file /afs/hephy.at/user/e/easilar/www/METPhiCorr/TTJets_Fall15/hEtaMinus_mult.pdf has been created
Info in <TCanvas::SaveAs>: ROOT file /afs/hephy.at/user/e/easilar/www/METPhiCorr/TTJets_Fall15/hEtaMinus_mult.root has been created
Info in <TCanvas::Print>: png file /afs/hephy.at/user/e/easilar/www/METPhiCorr/TTJets_Fall15/hEtaMinus_mult.png has been created
Info in <TCanvas::MakeDefCanvas>:  created default TCanvas with name c1
[?1034hmap h0Barrel input /data/easilar/METPhiCorr/RootFiles/TTJets_Fall15/TT_TuneCUETP8M1_13TeV-powheg-pythia8_RunIIFall15MiniAODv2-PU25nsData2015v1_76X_mcRun2_asymptotic_v12_ext4-v1.root mode multiplicity yZoomrange (-3, 3) fitRange (0, 30) xZoomRange (0, 50)
 FCN=25.2875 FROM MIGRAD    STATUS=CONVERGED      40 CALLS          41 TOTAL
                     EDM=2.71948e-21    STRATEGY= 1      ERROR MATRIX ACCURATE 
  EXT PARAMETER                                   STEP         FIRST   
  NO.   NAME      VALUE            ERROR          SIZE      DERIVATIVE 
   1  p0          -5.50428e-03   4.53815e-04   2.83249e-07  -1.88141e-07
   2  p1           2.13690e-05   2.27936e-05   6.63699e-08  -5.29743e-07
 FCN=26.6476 FROM MIGRAD    STATUS=CONVERGED      40 CALLS          41 TOTAL
                     EDM=2.73587e-22    STRATEGY= 1      ERROR MATRIX ACCURATE 
  EXT PARAMETER                                   STEP         FIRST   
  NO.   NAME      VALUE            ERROR          SIZE      DERIVATIVE 
   1  p0          -2.72933e-03   4.53992e-04   2.91047e-07  -1.83100e-08
   2  p1          -2.72774e-04   2.28185e-05   1.04933e-07  -1.37383e-06
Info in <TCanvas::Print>: pdf file /afs/hephy.at/user/e/easilar/www/METPhiCorr/TTJets_Fall15/h0Barrel_mult.pdf has been created
Info in <TCanvas::SaveAs>: ROOT file /afs/hephy.at/user/e/easilar/www/METPhiCorr/TTJets_Fall15/h0Barrel_mult.root has been created
Info in <TCanvas::Print>: png file /afs/hephy.at/user/e/easilar/www/METPhiCorr/TTJets_Fall15/h0Barrel_mult.png has been created
Info in <TCanvas::MakeDefCanvas>:  created default TCanvas with name c1
[?1034hmap h0EndcapPlus input /data/easilar/METPhiCorr/RootFiles/TTJets_Fall15/TT_TuneCUETP8M1_13TeV-powheg-pythia8_RunIIFall15MiniAODv2-PU25nsData2015v1_76X_mcRun2_asymptotic_v12_ext4-v1.root mode multiplicity yZoomrange (-3, 3) fitRange (0, 55) xZoomRange (0, 50)
 FCN=43.2272 FROM MIGRAD    STATUS=CONVERGED      40 CALLS          41 TOTAL
                     EDM=1.13503e-20    STRATEGY= 1      ERROR MATRIX ACCURATE 
  EXT PARAMETER                                   STEP         FIRST   
  NO.   NAME      VALUE            ERROR          SIZE      DERIVATIVE 
   1  p0          -6.76725e-03   3.07299e-04   2.73298e-07   3.24985e-07
   2  p1           4.16025e-04   1.65959e-05   3.95977e-08  -3.14021e-06
 FCN=1470.95 FROM MIGRAD    STATUS=CONVERGED      40 CALLS          41 TOTAL
                     EDM=5.73948e-21    STRATEGY= 1      ERROR MATRIX ACCURATE 
  EXT PARAMETER                                   STEP         FIRST   
  NO.   NAME      VALUE            ERROR          SIZE      DERIVATIVE 
   1  p0           5.62289e-03   3.06568e-04   1.57978e-06   0.00000e+00
   2  p1           5.02256e-04   1.65334e-05   2.63155e-07   6.48021e-06
Info in <TCanvas::Print>: pdf file /afs/hephy.at/user/e/easilar/www/METPhiCorr/TTJets_Fall15/h0EndcapPlus_mult.pdf has been created
Info in <TCanvas::SaveAs>: ROOT file /afs/hephy.at/user/e/easilar/www/METPhiCorr/TTJets_Fall15/h0EndcapPlus_mult.root has been created
Info in <TCanvas::Print>: png file /afs/hephy.at/user/e/easilar/www/METPhiCorr/TTJets_Fall15/h0EndcapPlus_mult.png has been created
Info in <TCanvas::MakeDefCanvas>:  created default TCanvas with name c1
[?1034hmap h0EndcapMinus input /data/easilar/METPhiCorr/RootFiles/TTJets_Fall15/TT_TuneCUETP8M1_13TeV-powheg-pythia8_RunIIFall15MiniAODv2-PU25nsData2015v1_76X_mcRun2_asymptotic_v12_ext4-v1.root mode multiplicity yZoomrange (-3, 3) fitRange (0, 50) xZoomRange (0, 50)
 FCN=45.4427 FROM MIGRAD    STATUS=CONVERGED      40 CALLS          41 TOTAL
                     EDM=1.98538e-23    STRATEGY= 1      ERROR MATRIX ACCURATE 
  EXT PARAMETER                                   STEP         FIRST   
  NO.   NAME      VALUE            ERROR          SIZE      DERIVATIVE 
   1  p0          -9.26204e-04   3.10531e-04   2.76518e-07   6.42402e-08
   2  p1           4.44609e-04   1.60908e-05   1.35959e-07   1.40262e-06
 FCN=54.6965 FROM MIGRAD    STATUS=CONVERGED      40 CALLS          41 TOTAL
                     EDM=2.62352e-22    STRATEGY= 1      ERROR MATRIX ACCURATE 
  EXT PARAMETER                                   STEP         FIRST   
  NO.   NAME      VALUE            ERROR          SIZE      DERIVATIVE 
   1  p0           1.78468e-02   3.13004e-04   3.96719e-07   4.47761e-08
   2  p1           2.56283e-04   1.62139e-05   3.96719e-07   2.22667e-06
Info in <TCanvas::Print>: pdf file /afs/hephy.at/user/e/easilar/www/METPhiCorr/TTJets_Fall15/h0EndcapMinus_mult.pdf has been created
Info in <TCanvas::SaveAs>: ROOT file /afs/hephy.at/user/e/easilar/www/METPhiCorr/TTJets_Fall15/h0EndcapMinus_mult.root has been created
Info in <TCanvas::Print>: png file /afs/hephy.at/user/e/easilar/www/METPhiCorr/TTJets_Fall15/h0EndcapMinus_mult.png has been created
Info in <TCanvas::MakeDefCanvas>:  created default TCanvas with name c1
[?1034hmap gammaBarrel input /data/easilar/METPhiCorr/RootFiles/TTJets_Fall15/TT_TuneCUETP8M1_13TeV-powheg-pythia8_RunIIFall15MiniAODv2-PU25nsData2015v1_76X_mcRun2_asymptotic_v12_ext4-v1.root mode multiplicity yZoomrange (-2, 2) fitRange (0, 250) xZoomRange (0, 500)
 FCN=29.7782 FROM MIGRAD    STATUS=CONVERGED      40 CALLS          41 TOTAL
                     EDM=1.87221e-22    STRATEGY= 1      ERROR MATRIX ACCURATE 
  EXT PARAMETER                                   STEP         FIRST   
  NO.   NAME      VALUE            ERROR          SIZE      DERIVATIVE 
   1  p0          -1.33385e-03   1.29280e-04   1.02751e-07   1.72880e-07
   2  p1           4.86214e-06   9.69494e-07   3.00000e-08   3.26021e-06
 FCN=12.4328 FROM MIGRAD    STATUS=CONVERGED      40 CALLS          41 TOTAL
                     EDM=1.9903e-21    STRATEGY= 1      ERROR MATRIX ACCURATE 
  EXT PARAMETER                                   STEP         FIRST   
  NO.   NAME      VALUE            ERROR          SIZE      DERIVATIVE 
   1  p0          -2.12144e-03   1.29615e-04   6.80696e-08   5.21924e-07
   2  p1           3.57831e-06   9.72414e-07   6.45899e-08   4.91923e-06
Info in <TCanvas::Print>: pdf file /afs/hephy.at/user/e/easilar/www/METPhiCorr/TTJets_Fall15/gammaBarrel_mult.pdf has been created
Info in <TCanvas::SaveAs>: ROOT file /afs/hephy.at/user/e/easilar/www/METPhiCorr/TTJets_Fall15/gammaBarrel_mult.root has been created
Info in <TCanvas::Print>: png file /afs/hephy.at/user/e/easilar/www/METPhiCorr/TTJets_Fall15/gammaBarrel_mult.png has been created
Info in <TCanvas::MakeDefCanvas>:  created default TCanvas with name c1
[?1034hmap gammaEndcapPlus input /data/easilar/METPhiCorr/RootFiles/TTJets_Fall15/TT_TuneCUETP8M1_13TeV-powheg-pythia8_RunIIFall15MiniAODv2-PU25nsData2015v1_76X_mcRun2_asymptotic_v12_ext4-v1.root mode multiplicity yZoomrange (-3, 3) fitRange (0, 80) xZoomRange (0, 100)
 FCN=9.75 FROM MIGRAD    STATUS=CONVERGED      39 CALLS          40 TOTAL
                     EDM=8.15824e-23    STRATEGY= 1      ERROR MATRIX ACCURATE 
  EXT PARAMETER                                   STEP         FIRST   
  NO.   NAME      VALUE            ERROR          SIZE      DERIVATIVE 
   1  p0          -1.88539e-03   2.16269e-04   1.30937e-07  -6.78325e-08
   2  p1           4.28339e-05   6.87467e-06   3.00000e-08  -3.01783e-07
 FCN=10.3088 FROM MIGRAD    STATUS=CONVERGED      39 CALLS          40 TOTAL
                     EDM=5.26632e-22    STRATEGY= 1      ERROR MATRIX ACCURATE 
  EXT PARAMETER                                   STEP         FIRST   
  NO.   NAME      VALUE            ERROR          SIZE      DERIVATIVE 
   1  p0           2.05876e-03   2.17047e-04   1.34507e-07  -1.32064e-07
   2  p1           4.49999e-05   6.87281e-06   6.13047e-08   5.89818e-07
Info in <TCanvas::Print>: pdf file /afs/hephy.at/user/e/easilar/www/METPhiCorr/TTJets_Fall15/gammaEndcapPlus_mult.pdf has been created
Info in <TCanvas::SaveAs>: ROOT file /afs/hephy.at/user/e/easilar/www/METPhiCorr/TTJets_Fall15/gammaEndcapPlus_mult.root has been created
Info in <TCanvas::Print>: png file /afs/hephy.at/user/e/easilar/www/METPhiCorr/TTJets_Fall15/gammaEndcapPlus_mult.png has been created
Info in <TCanvas::MakeDefCanvas>:  created default TCanvas with name c1
[?1034hmap gammaEndcapMinus input /data/easilar/METPhiCorr/RootFiles/TTJets_Fall15/TT_TuneCUETP8M1_13TeV-powheg-pythia8_RunIIFall15MiniAODv2-PU25nsData2015v1_76X_mcRun2_asymptotic_v12_ext4-v1.root mode multiplicity yZoomrange (-3, 3) fitRange (0, 70) xZoomRange (0, 100)
 FCN=16.9259 FROM MIGRAD    STATUS=CONVERGED      39 CALLS          40 TOTAL
                     EDM=9.61181e-24    STRATEGY= 1      ERROR MATRIX ACCURATE 
  EXT PARAMETER                                   STEP         FIRST   
  NO.   NAME      VALUE            ERROR          SIZE      DERIVATIVE 
   1  p0          -1.47135e-03   2.19967e-04   1.72102e-07   5.16076e-08
   2  p1           1.06096e-04   6.95127e-06   3.69766e-08   1.38572e-06
 FCN=21.2884 FROM MIGRAD    STATUS=CONVERGED      39 CALLS          40 TOTAL
                     EDM=8.34547e-23    STRATEGY= 1      ERROR MATRIX ACCURATE 
  EXT PARAMETER                                   STEP         FIRST   
  NO.   NAME      VALUE            ERROR          SIZE      DERIVATIVE 
   1  p0          -2.27686e-03   2.18897e-04   1.90578e-07  -4.66044e-08
   2  p1          -1.02942e-04   6.89553e-06   9.67149e-08   4.18451e-07
Info in <TCanvas::Print>: pdf file /afs/hephy.at/user/e/easilar/www/METPhiCorr/TTJets_Fall15/gammaEndcapMinus_mult.pdf has been created
Info in <TCanvas::SaveAs>: ROOT file /afs/hephy.at/user/e/easilar/www/METPhiCorr/TTJets_Fall15/gammaEndcapMinus_mult.root has been created
Info in <TCanvas::Print>: png file /afs/hephy.at/user/e/easilar/www/METPhiCorr/TTJets_Fall15/gammaEndcapMinus_mult.png has been created
Info in <TCanvas::MakeDefCanvas>:  created default TCanvas with name c1
[?1034hmap hHFPlus input /data/easilar/METPhiCorr/RootFiles/TTJets_Fall15/TT_TuneCUETP8M1_13TeV-powheg-pythia8_RunIIFall15MiniAODv2-PU25nsData2015v1_76X_mcRun2_asymptotic_v12_ext4-v1.root mode multiplicity yZoomrange (-4, 4) fitRange (20, 250) xZoomRange (0, 300)
 FCN=31.2306 FROM MIGRAD    STATUS=CONVERGED      40 CALLS          41 TOTAL
                     EDM=4.77923e-23    STRATEGY= 1      ERROR MATRIX ACCURATE 
  EXT PARAMETER                                   STEP         FIRST   
  NO.   NAME      VALUE            ERROR          SIZE      DERIVATIVE 
   1  p0          -1.56534e-05   6.75161e-05   8.99324e-08  -2.96282e-07
   2  p1          -5.88919e-06   3.94041e-07   8.99324e-08  -2.78026e-05
 FCN=34.1505 FROM MIGRAD    STATUS=CONVERGED      40 CALLS          41 TOTAL
                     EDM=2.05385e-21    STRATEGY= 1      ERROR MATRIX ACCURATE 
  EXT PARAMETER                                   STEP         FIRST   
  NO.   NAME      VALUE            ERROR          SIZE      DERIVATIVE 
   1  p0          -7.28680e-04   6.80549e-05   1.57771e-07   9.00725e-08
   2  p1          -6.41273e-06   3.96985e-07   1.57771e-07   1.76359e-04
Info in <TCanvas::Print>: pdf file /afs/hephy.at/user/e/easilar/www/METPhiCorr/TTJets_Fall15/hHFPlus_mult.pdf has been created
Info in <TCanvas::SaveAs>: ROOT file /afs/hephy.at/user/e/easilar/www/METPhiCorr/TTJets_Fall15/hHFPlus_mult.root has been created
Info in <TCanvas::Print>: png file /afs/hephy.at/user/e/easilar/www/METPhiCorr/TTJets_Fall15/hHFPlus_mult.png has been created
Info in <TCanvas::MakeDefCanvas>:  created default TCanvas with name c1
[?1034hmap hHFMinus input /data/easilar/METPhiCorr/RootFiles/TTJets_Fall15/TT_TuneCUETP8M1_13TeV-powheg-pythia8_RunIIFall15MiniAODv2-PU25nsData2015v1_76X_mcRun2_asymptotic_v12_ext4-v1.root mode multiplicity yZoomrange (-4, 4) fitRange (0, 250) xZoomRange (0, 300)
 FCN=50.8291 FROM MIGRAD    STATUS=CONVERGED      40 CALLS          41 TOTAL
                     EDM=1.57333e-21    STRATEGY= 1      ERROR MATRIX ACCURATE 
  EXT PARAMETER                                   STEP         FIRST   
  NO.   NAME      VALUE            ERROR          SIZE      DERIVATIVE 
   1  p0          -1.05320e-03   6.75218e-05   1.48748e-07   1.07479e-06
   2  p1          -3.90179e-06   3.95382e-07   1.48748e-07   4.34618e-05
 FCN=29.139 FROM MIGRAD    STATUS=CONVERGED      40 CALLS          41 TOTAL
                     EDM=1.49031e-25    STRATEGY= 1      ERROR MATRIX ACCURATE 
  EXT PARAMETER                                   STEP         FIRST   
  NO.   NAME      VALUE            ERROR          SIZE      DERIVATIVE 
   1  p0          -4.66541e-04   6.81372e-05   1.57260e-07   1.12957e-08
   2  p1          -7.98183e-06   3.98741e-07   1.57260e-07   5.87376e-07
Info in <TCanvas::Print>: pdf file /afs/hephy.at/user/e/easilar/www/METPhiCorr/TTJets_Fall15/hHFMinus_mult.pdf has been created
Info in <TCanvas::SaveAs>: ROOT file /afs/hephy.at/user/e/easilar/www/METPhiCorr/TTJets_Fall15/hHFMinus_mult.root has been created
Info in <TCanvas::Print>: png file /afs/hephy.at/user/e/easilar/www/METPhiCorr/TTJets_Fall15/hHFMinus_mult.png has been created
Info in <TCanvas::MakeDefCanvas>:  created default TCanvas with name c1
[?1034hmap egammaHFPlus input /data/easilar/METPhiCorr/RootFiles/TTJets_Fall15/TT_TuneCUETP8M1_13TeV-powheg-pythia8_RunIIFall15MiniAODv2-PU25nsData2015v1_76X_mcRun2_asymptotic_v12_ext4-v1.root mode multiplicity yZoomrange (-4, 4) fitRange (0, 170) xZoomRange (0, 300)
 FCN=133.972 FROM MIGRAD    STATUS=CONVERGED      42 CALLS          43 TOTAL
                     EDM=4.3295e-21    STRATEGY= 1      ERROR MATRIX ACCURATE 
  EXT PARAMETER                                   STEP         FIRST   
  NO.   NAME      VALUE            ERROR          SIZE      DERIVATIVE 
   1  p0           5.31371e-04   3.22133e-05   2.38473e-07   2.86990e-06
   2  p1           5.19469e-07   2.37679e-07   2.38473e-07  -2.56242e-06
 FCN=202.85 FROM MIGRAD    STATUS=CONVERGED      42 CALLS          43 TOTAL
                     EDM=3.75212e-23    STRATEGY= 1      ERROR MATRIX ACCURATE 
  EXT PARAMETER                                   STEP         FIRST   
  NO.   NAME      VALUE            ERROR          SIZE      DERIVATIVE 
   1  p0           3.25593e-04   3.23747e-05   1.45098e-07   2.32176e-06
   2  p1           2.93258e-07   2.38833e-07   1.45098e-07   3.14723e-04
Info in <TCanvas::Print>: pdf file /afs/hephy.at/user/e/easilar/www/METPhiCorr/TTJets_Fall15/egammaHFPlus_mult.pdf has been created
Info in <TCanvas::SaveAs>: ROOT file /afs/hephy.at/user/e/easilar/www/METPhiCorr/TTJets_Fall15/egammaHFPlus_mult.root has been created
Info in <TCanvas::Print>: png file /afs/hephy.at/user/e/easilar/www/METPhiCorr/TTJets_Fall15/egammaHFPlus_mult.png has been created
Info in <TCanvas::MakeDefCanvas>:  created default TCanvas with name c1
[?1034hmap egammaHFMinus input /data/easilar/METPhiCorr/RootFiles/TTJets_Fall15/TT_TuneCUETP8M1_13TeV-powheg-pythia8_RunIIFall15MiniAODv2-PU25nsData2015v1_76X_mcRun2_asymptotic_v12_ext4-v1.root mode multiplicity yZoomrange (-4, 4) fitRange (0, 180) xZoomRange (0, 300)
 FCN=357.319 FROM MIGRAD    STATUS=CONVERGED      42 CALLS          43 TOTAL
                     EDM=1.74987e-20    STRATEGY= 1      ERROR MATRIX ACCURATE 
  EXT PARAMETER                                   STEP         FIRST   
  NO.   NAME      VALUE            ERROR          SIZE      DERIVATIVE 
   1  p0           4.04287e-04   3.19105e-05   2.44722e-07   2.34882e-06
   2  p1           1.54965e-06   2.34044e-07   2.44722e-07  -4.80372e-04
 FCN=241.763 FROM MIGRAD    STATUS=CONVERGED      42 CALLS          43 TOTAL
                     EDM=1.06292e-21    STRATEGY= 1      ERROR MATRIX ACCURATE 
  EXT PARAMETER                                   STEP         FIRST   
  NO.   NAME      VALUE            ERROR          SIZE      DERIVATIVE 
   1  p0           4.53740e-04   3.19141e-05   2.35559e-07   1.42555e-06
   2  p1           1.02790e-06   2.34054e-07   2.35559e-07   3.88759e-04
Info in <TCanvas::Print>: pdf file /afs/hephy.at/user/e/easilar/www/METPhiCorr/TTJets_Fall15/egammaHFMinus_mult.pdf has been created
Info in <TCanvas::SaveAs>: ROOT file /afs/hephy.at/user/e/easilar/www/METPhiCorr/TTJets_Fall15/egammaHFMinus_mult.root has been created
Info in <TCanvas::Print>: png file /afs/hephy.at/user/e/easilar/www/METPhiCorr/TTJets_Fall15/egammaHFMinus_mult.png has been created
Outputs written to: multPhiCorr_76_TTJets_Fall15_cfi.py
Info in <TCanvas::MakeDefCanvas>:  created default TCanvas with name c1
[?1034hmap hEtaPlus input /data/easilar/METPhiCorr/RootFiles/DY_Fall15/DYJetsToLL_M-50_TuneCUETP8M1_13TeV-amcatnloFXFX-pythia8_RunIIFall15MiniAODv2-PU25nsData2015v1_76X_mcRun2_asymptotic_v12-v1_V2.root mode multiplicity yZoomrange (-5, 5) fitRange (0, 500) xZoomRange (0, 800)
 FCN=18.5563 FROM MIGRAD    STATUS=CONVERGED      40 CALLS          41 TOTAL
                     EDM=2.17739e-22    STRATEGY= 1      ERROR MATRIX ACCURATE 
  EXT PARAMETER                                   STEP         FIRST   
  NO.   NAME      VALUE            ERROR          SIZE      DERIVATIVE 
   1  p0          -2.83806e-03   5.60571e-05   2.00454e-07  -1.20864e-07
   2  p1           1.03891e-06   2.65405e-07   2.00454e-07  -1.02113e-04
 FCN=20.9078 FROM MIGRAD    STATUS=CONVERGED      40 CALLS          41 TOTAL
                     EDM=2.83039e-22    STRATEGY= 1      ERROR MATRIX ACCURATE 
  EXT PARAMETER                                   STEP         FIRST   
  NO.   NAME      VALUE            ERROR          SIZE      DERIVATIVE 
   1  p0           1.14988e-03   5.59934e-05   8.75205e-08   2.02965e-07
   2  p1          -2.00336e-08   2.65020e-07   8.75205e-08  -4.82867e-05
Info in <TCanvas::Print>: pdf file /afs/hephy.at/user/e/easilar/www/METPhiCorr/DY_Fall15/hEtaPlus_mult.pdf has been created
Info in <TCanvas::SaveAs>: ROOT file /afs/hephy.at/user/e/easilar/www/METPhiCorr/DY_Fall15/hEtaPlus_mult.root has been created
Info in <TCanvas::Print>: png file /afs/hephy.at/user/e/easilar/www/METPhiCorr/DY_Fall15/hEtaPlus_mult.png has been created
Info in <TCanvas::MakeDefCanvas>:  created default TCanvas with name c1
[?1034hmap hEtaMinus input /data/easilar/METPhiCorr/RootFiles/DY_Fall15/DYJetsToLL_M-50_TuneCUETP8M1_13TeV-amcatnloFXFX-pythia8_RunIIFall15MiniAODv2-PU25nsData2015v1_76X_mcRun2_asymptotic_v12-v1_V2.root mode multiplicity yZoomrange (-5, 5) fitRange (0, 500) xZoomRange (0, 800)
 FCN=16.7242 FROM MIGRAD    STATUS=CONVERGED      40 CALLS          41 TOTAL
                     EDM=3.95714e-22    STRATEGY= 1      ERROR MATRIX ACCURATE 
  EXT PARAMETER                                   STEP         FIRST   
  NO.   NAME      VALUE            ERROR          SIZE      DERIVATIVE 
   1  p0          -9.20228e-03   5.74912e-05   7.26739e-07   6.15820e-08
   2  p1          -3.34230e-06   2.81885e-07   7.26739e-07  -8.79187e-05
 FCN=11.8765 FROM MIGRAD    STATUS=CONVERGED      40 CALLS          41 TOTAL
                     EDM=1.3404e-22    STRATEGY= 1      ERROR MATRIX ACCURATE 
  EXT PARAMETER                                   STEP         FIRST   
  NO.   NAME      VALUE            ERROR          SIZE      DERIVATIVE 
   1  p0           1.65429e-03   5.72889e-05   1.28654e-07  -1.81255e-07
   2  p1           4.22489e-07   2.80982e-07   1.28654e-07   2.21735e-05
Info in <TCanvas::Print>: pdf file /afs/hephy.at/user/e/easilar/www/METPhiCorr/DY_Fall15/hEtaMinus_mult.pdf has been created
Info in <TCanvas::SaveAs>: ROOT file /afs/hephy.at/user/e/easilar/www/METPhiCorr/DY_Fall15/hEtaMinus_mult.root has been created
Info in <TCanvas::Print>: png file /afs/hephy.at/user/e/easilar/www/METPhiCorr/DY_Fall15/hEtaMinus_mult.png has been created
Info in <TCanvas::MakeDefCanvas>:  created default TCanvas with name c1
[?1034hmap h0Barrel input /data/easilar/METPhiCorr/RootFiles/DY_Fall15/DYJetsToLL_M-50_TuneCUETP8M1_13TeV-amcatnloFXFX-pythia8_RunIIFall15MiniAODv2-PU25nsData2015v1_76X_mcRun2_asymptotic_v12-v1_V2.root mode multiplicity yZoomrange (-3, 3) fitRange (0, 30) xZoomRange (0, 50)
 FCN=22.1511 FROM MIGRAD    STATUS=CONVERGED      40 CALLS          41 TOTAL
                     EDM=4.59874e-22    STRATEGY= 1      ERROR MATRIX ACCURATE 
  EXT PARAMETER                                   STEP         FIRST   
  NO.   NAME      VALUE            ERROR          SIZE      DERIVATIVE 
   1  p0          -7.34390e-03   2.43038e-04   1.75657e-07  -1.51689e-07
   2  p1           3.89273e-06   1.51742e-05   1.42894e-07  -4.58117e-07
 FCN=26.7574 FROM MIGRAD    STATUS=CONVERGED      40 CALLS          41 TOTAL
                     EDM=3.43626e-23    STRATEGY= 1      ERROR MATRIX ACCURATE 
  EXT PARAMETER                                   STEP         FIRST   
  NO.   NAME      VALUE            ERROR          SIZE      DERIVATIVE 
   1  p0          -1.31948e-03   2.43221e-04   1.92435e-07   4.61546e-08
   2  p1          -5.36335e-05   1.51792e-05   4.28709e-08   2.07175e-07
Info in <TCanvas::Print>: pdf file /afs/hephy.at/user/e/easilar/www/METPhiCorr/DY_Fall15/h0Barrel_mult.pdf has been created
Info in <TCanvas::SaveAs>: ROOT file /afs/hephy.at/user/e/easilar/www/METPhiCorr/DY_Fall15/h0Barrel_mult.root has been created
Info in <TCanvas::Print>: png file /afs/hephy.at/user/e/easilar/www/METPhiCorr/DY_Fall15/h0Barrel_mult.png has been created
Info in <TCanvas::MakeDefCanvas>:  created default TCanvas with name c1
[?1034hmap h0EndcapPlus input /data/easilar/METPhiCorr/RootFiles/DY_Fall15/DYJetsToLL_M-50_TuneCUETP8M1_13TeV-amcatnloFXFX-pythia8_RunIIFall15MiniAODv2-PU25nsData2015v1_76X_mcRun2_asymptotic_v12-v1_V2.root mode multiplicity yZoomrange (-3, 3) fitRange (0, 55) xZoomRange (0, 50)
 FCN=47.2336 FROM MIGRAD    STATUS=CONVERGED      40 CALLS          41 TOTAL
                     EDM=4.44247e-22    STRATEGY= 1      ERROR MATRIX ACCURATE 
  EXT PARAMETER                                   STEP         FIRST   
  NO.   NAME      VALUE            ERROR          SIZE      DERIVATIVE 
   1  p0          -3.69412e-03   2.50763e-04   2.22239e-07   3.19720e-07
   2  p1           1.55158e-04   1.35559e-05   3.00000e-08   4.14483e-06
 FCN=55.6243 FROM MIGRAD    STATUS=CONVERGED      40 CALLS          41 TOTAL
                     EDM=1.15657e-20    STRATEGY= 1      ERROR MATRIX ACCURATE 
  EXT PARAMETER                                   STEP         FIRST   
  NO.   NAME      VALUE            ERROR          SIZE      DERIVATIVE 
   1  p0           9.21227e-03   2.50609e-04   2.84405e-07  -6.87046e-07
   2  p1           1.94160e-04   1.35443e-05   2.84405e-07  -1.54427e-06
Info in <TCanvas::Print>: pdf file /afs/hephy.at/user/e/easilar/www/METPhiCorr/DY_Fall15/h0EndcapPlus_mult.pdf has been created
Info in <TCanvas::SaveAs>: ROOT file /afs/hephy.at/user/e/easilar/www/METPhiCorr/DY_Fall15/h0EndcapPlus_mult.root has been created
Info in <TCanvas::Print>: png file /afs/hephy.at/user/e/easilar/www/METPhiCorr/DY_Fall15/h0EndcapPlus_mult.png has been created
Info in <TCanvas::MakeDefCanvas>:  created default TCanvas with name c1
[?1034hmap h0EndcapMinus input /data/easilar/METPhiCorr/RootFiles/DY_Fall15/DYJetsToLL_M-50_TuneCUETP8M1_13TeV-amcatnloFXFX-pythia8_RunIIFall15MiniAODv2-PU25nsData2015v1_76X_mcRun2_asymptotic_v12-v1_V2.root mode multiplicity yZoomrange (-3, 3) fitRange (0, 50) xZoomRange (0, 50)
 FCN=40.7609 FROM MIGRAD    STATUS=CONVERGED      40 CALLS          41 TOTAL
                     EDM=5.0333e-21    STRATEGY= 1      ERROR MATRIX ACCURATE 
  EXT PARAMETER                                   STEP         FIRST   
  NO.   NAME      VALUE            ERROR          SIZE      DERIVATIVE 
   1  p0           1.46557e-03   2.51308e-04   2.02411e-07  -3.51040e-07
   2  p1           2.24833e-04   1.30246e-05   1.32040e-07   9.57888e-07
 FCN=92.3061 FROM MIGRAD    STATUS=CONVERGED      40 CALLS          41 TOTAL
                     EDM=1.09474e-22    STRATEGY= 1      ERROR MATRIX ACCURATE 
  EXT PARAMETER                                   STEP         FIRST   
  NO.   NAME      VALUE            ERROR          SIZE      DERIVATIVE 
   1  p0           1.95317e-02   2.52444e-04   4.73794e-07   7.49844e-08
   2  p1           7.15623e-05   1.30853e-05   4.73794e-07   3.29931e-07
Info in <TCanvas::Print>: pdf file /afs/hephy.at/user/e/easilar/www/METPhiCorr/DY_Fall15/h0EndcapMinus_mult.pdf has been created
Info in <TCanvas::SaveAs>: ROOT file /afs/hephy.at/user/e/easilar/www/METPhiCorr/DY_Fall15/h0EndcapMinus_mult.root has been created
Info in <TCanvas::Print>: png file /afs/hephy.at/user/e/easilar/www/METPhiCorr/DY_Fall15/h0EndcapMinus_mult.png has been created
Info in <TCanvas::MakeDefCanvas>:  created default TCanvas with name c1
[?1034hmap gammaBarrel input /data/easilar/METPhiCorr/RootFiles/DY_Fall15/DYJetsToLL_M-50_TuneCUETP8M1_13TeV-amcatnloFXFX-pythia8_RunIIFall15MiniAODv2-PU25nsData2015v1_76X_mcRun2_asymptotic_v12-v1_V2.root mode multiplicity yZoomrange (-2, 2) fitRange (0, 250) xZoomRange (0, 500)
 FCN=43.0786 FROM MIGRAD    STATUS=CONVERGED      39 CALLS          40 TOTAL
                     EDM=5.68672e-22    STRATEGY= 1      ERROR MATRIX ACCURATE 
  EXT PARAMETER                                   STEP         FIRST   
  NO.   NAME      VALUE            ERROR          SIZE      DERIVATIVE 
   1  p0          -1.55626e-03   6.51092e-05   7.64927e-08   6.96677e-07
   2  p1           4.10889e-06   6.39883e-07   7.36759e-08   2.00502e-05
 FCN=136.169 FROM MIGRAD    STATUS=CONVERGED      39 CALLS          40 TOTAL
                     EDM=2.47907e-21    STRATEGY= 1      ERROR MATRIX ACCURATE 
  EXT PARAMETER                                   STEP         FIRST   
  NO.   NAME      VALUE            ERROR          SIZE      DERIVATIVE 
   1  p0          -2.24644e-03   6.53860e-05   1.35542e-07   1.04845e-06
   2  p1           1.05384e-05   6.42920e-07   8.25586e-08  -3.09835e-06
Info in <TCanvas::Print>: pdf file /afs/hephy.at/user/e/easilar/www/METPhiCorr/DY_Fall15/gammaBarrel_mult.pdf has been created
Info in <TCanvas::SaveAs>: ROOT file /afs/hephy.at/user/e/easilar/www/METPhiCorr/DY_Fall15/gammaBarrel_mult.root has been created
Info in <TCanvas::Print>: png file /afs/hephy.at/user/e/easilar/www/METPhiCorr/DY_Fall15/gammaBarrel_mult.png has been created
Info in <TCanvas::MakeDefCanvas>:  created default TCanvas with name c1
[?1034hmap gammaEndcapPlus input /data/easilar/METPhiCorr/RootFiles/DY_Fall15/DYJetsToLL_M-50_TuneCUETP8M1_13TeV-amcatnloFXFX-pythia8_RunIIFall15MiniAODv2-PU25nsData2015v1_76X_mcRun2_asymptotic_v12-v1_V2.root mode multiplicity yZoomrange (-3, 3) fitRange (0, 80) xZoomRange (0, 100)
 FCN=22.7026 FROM MIGRAD    STATUS=CONVERGED      44 CALLS          45 TOTAL
                     EDM=2.48785e-22    STRATEGY= 1      ERROR MATRIX ACCURATE 
  EXT PARAMETER                                   STEP         FIRST   
  NO.   NAME      VALUE            ERROR          SIZE      DERIVATIVE 
   1  p0          -8.28465e-04   1.79853e-04   1.49888e-07   1.77768e-07
   2  p1          -6.21144e-06   5.92945e-06   4.94156e-09   1.79736e-06
 FCN=14.6688 FROM MIGRAD    STATUS=CONVERGED      46 CALLS          47 TOTAL
                     EDM=2.04182e-21    STRATEGY= 1      ERROR MATRIX ACCURATE 
  EXT PARAMETER                                   STEP         FIRST   
  NO.   NAME      VALUE            ERROR          SIZE      DERIVATIVE 
   1  p0           2.91015e-03   1.80315e-04   1.22216e-07   2.90692e-08
   2  p1           5.15557e-05   5.93786e-06   4.02462e-09  -9.93088e-06
Info in <TCanvas::Print>: pdf file /afs/hephy.at/user/e/easilar/www/METPhiCorr/DY_Fall15/gammaEndcapPlus_mult.pdf has been created
Info in <TCanvas::SaveAs>: ROOT file /afs/hephy.at/user/e/easilar/www/METPhiCorr/DY_Fall15/gammaEndcapPlus_mult.root has been created
Info in <TCanvas::Print>: png file /afs/hephy.at/user/e/easilar/www/METPhiCorr/DY_Fall15/gammaEndcapPlus_mult.png has been created
Info in <TCanvas::MakeDefCanvas>:  created default TCanvas with name c1
[?1034hmap gammaEndcapMinus input /data/easilar/METPhiCorr/RootFiles/DY_Fall15/DYJetsToLL_M-50_TuneCUETP8M1_13TeV-amcatnloFXFX-pythia8_RunIIFall15MiniAODv2-PU25nsData2015v1_76X_mcRun2_asymptotic_v12-v1_V2.root mode multiplicity yZoomrange (-3, 3) fitRange (0, 70) xZoomRange (0, 100)
 FCN=12.6354 FROM MIGRAD    STATUS=CONVERGED      44 CALLS          45 TOTAL
                     EDM=2.4564e-23    STRATEGY= 1      ERROR MATRIX ACCURATE 
  EXT PARAMETER                                   STEP         FIRST   
  NO.   NAME      VALUE            ERROR          SIZE      DERIVATIVE 
   1  p0           6.74586e-04   1.82620e-04   1.15705e-07   3.83811e-08
   2  p1           8.35162e-06   5.96234e-06   3.77766e-09   0.00000e+00
 FCN=15.4303 FROM MIGRAD    STATUS=CONVERGED      46 CALLS          47 TOTAL
                     EDM=7.71739e-23    STRATEGY= 1      ERROR MATRIX ACCURATE 
  EXT PARAMETER                                   STEP         FIRST   
  NO.   NAME      VALUE            ERROR          SIZE      DERIVATIVE 
   1  p0          -2.83242e-03   1.82318e-04   1.26770e-07   8.40748e-08
   2  p1          -5.86511e-06   5.94432e-06   4.13322e-09   4.29775e-06
Info in <TCanvas::Print>: pdf file /afs/hephy.at/user/e/easilar/www/METPhiCorr/DY_Fall15/gammaEndcapMinus_mult.pdf has been created
Info in <TCanvas::SaveAs>: ROOT file /afs/hephy.at/user/e/easilar/www/METPhiCorr/DY_Fall15/gammaEndcapMinus_mult.root has been created
Info in <TCanvas::Print>: png file /afs/hephy.at/user/e/easilar/www/METPhiCorr/DY_Fall15/gammaEndcapMinus_mult.png has been created
Info in <TCanvas::MakeDefCanvas>:  created default TCanvas with name c1
[?1034hmap hHFPlus input /data/easilar/METPhiCorr/RootFiles/DY_Fall15/DYJetsToLL_M-50_TuneCUETP8M1_13TeV-amcatnloFXFX-pythia8_RunIIFall15MiniAODv2-PU25nsData2015v1_76X_mcRun2_asymptotic_v12-v1_V2.root mode multiplicity yZoomrange (-4, 4) fitRange (20, 250) xZoomRange (0, 300)
 FCN=38.7366 FROM MIGRAD    STATUS=CONVERGED      40 CALLS          41 TOTAL
                     EDM=5.66651e-24    STRATEGY= 1      ERROR MATRIX ACCURATE 
  EXT PARAMETER                                   STEP         FIRST   
  NO.   NAME      VALUE            ERROR          SIZE      DERIVATIVE 
   1  p0          -1.06626e-05   6.20951e-05   9.57502e-08   1.85520e-07
   2  p1          -6.09407e-06   3.69961e-07   9.57502e-08   3.45061e-05
 FCN=42.7635 FROM MIGRAD    STATUS=CONVERGED      40 CALLS          41 TOTAL
                     EDM=1.10082e-22    STRATEGY= 1      ERROR MATRIX ACCURATE 
  EXT PARAMETER                                   STEP         FIRST   
  NO.   NAME      VALUE            ERROR          SIZE      DERIVATIVE 
   1  p0          -6.99491e-04   6.24728e-05   1.68955e-07  -2.10276e-07
   2  p1          -6.87197e-06   3.72143e-07   1.68955e-07   4.71017e-06
Info in <TCanvas::Print>: pdf file /afs/hephy.at/user/e/easilar/www/METPhiCorr/DY_Fall15/hHFPlus_mult.pdf has been created
Info in <TCanvas::SaveAs>: ROOT file /afs/hephy.at/user/e/easilar/www/METPhiCorr/DY_Fall15/hHFPlus_mult.root has been created
Info in <TCanvas::Print>: png file /afs/hephy.at/user/e/easilar/www/METPhiCorr/DY_Fall15/hHFPlus_mult.png has been created
Info in <TCanvas::MakeDefCanvas>:  created default TCanvas with name c1
[?1034hmap hHFMinus input /data/easilar/METPhiCorr/RootFiles/DY_Fall15/DYJetsToLL_M-50_TuneCUETP8M1_13TeV-amcatnloFXFX-pythia8_RunIIFall15MiniAODv2-PU25nsData2015v1_76X_mcRun2_asymptotic_v12-v1_V2.root mode multiplicity yZoomrange (-4, 4) fitRange (0, 250) xZoomRange (0, 300)
 FCN=31.927 FROM MIGRAD    STATUS=CONVERGED      40 CALLS          41 TOTAL
                     EDM=1.34849e-21    STRATEGY= 1      ERROR MATRIX ACCURATE 
  EXT PARAMETER                                   STEP         FIRST   
  NO.   NAME      VALUE            ERROR          SIZE      DERIVATIVE 
   1  p0          -1.22374e-03   6.21592e-05   1.60315e-07  -4.49354e-07
   2  p1          -3.18820e-06   3.71586e-07   1.60315e-07   6.57722e-05
 FCN=43.8904 FROM MIGRAD    STATUS=CONVERGED      40 CALLS          41 TOTAL
                     EDM=1.9341e-22    STRATEGY= 1      ERROR MATRIX ACCURATE 
  EXT PARAMETER                                   STEP         FIRST   
  NO.   NAME      VALUE            ERROR          SIZE      DERIVATIVE 
   1  p0          -5.09412e-04   6.25015e-05   1.74904e-07   4.06247e-07
   2  p1          -8.45885e-06   3.73501e-07   1.74904e-07   1.60210e-05
Info in <TCanvas::Print>: pdf file /afs/hephy.at/user/e/easilar/www/METPhiCorr/DY_Fall15/hHFMinus_mult.pdf has been created
Info in <TCanvas::SaveAs>: ROOT file /afs/hephy.at/user/e/easilar/www/METPhiCorr/DY_Fall15/hHFMinus_mult.root has been created
Info in <TCanvas::Print>: png file /afs/hephy.at/user/e/easilar/www/METPhiCorr/DY_Fall15/hHFMinus_mult.png has been created
Info in <TCanvas::MakeDefCanvas>:  created default TCanvas with name c1
[?1034hmap egammaHFPlus input /data/easilar/METPhiCorr/RootFiles/DY_Fall15/DYJetsToLL_M-50_TuneCUETP8M1_13TeV-amcatnloFXFX-pythia8_RunIIFall15MiniAODv2-PU25nsData2015v1_76X_mcRun2_asymptotic_v12-v1_V2.root mode multiplicity yZoomrange (-4, 4) fitRange (0, 170) xZoomRange (0, 300)
 FCN=78.8931 FROM MIGRAD    STATUS=CONVERGED      42 CALLS          43 TOTAL
                     EDM=1.84829e-21    STRATEGY= 1      ERROR MATRIX ACCURATE 
  EXT PARAMETER                                   STEP         FIRST   
  NO.   NAME      VALUE            ERROR          SIZE      DERIVATIVE 
   1  p0           3.73917e-04   3.71877e-05   1.91024e-07  -4.71037e-06
   2  p1           1.47473e-06   2.75142e-07   1.91024e-07  -4.24430e-04
 FCN=117.702 FROM MIGRAD    STATUS=CONVERGED      42 CALLS          43 TOTAL
                     EDM=4.57226e-21    STRATEGY= 1      ERROR MATRIX ACCURATE 
  EXT PARAMETER                                   STEP         FIRST   
  NO.   NAME      VALUE            ERROR          SIZE      DERIVATIVE 
   1  p0           1.93251e-04   3.74205e-05   1.15427e-07   1.70631e-06
   2  p1           1.13126e-06   2.76834e-07   1.15427e-07  -1.15324e-04
Info in <TCanvas::Print>: pdf file /afs/hephy.at/user/e/easilar/www/METPhiCorr/DY_Fall15/egammaHFPlus_mult.pdf has been created
Info in <TCanvas::SaveAs>: ROOT file /afs/hephy.at/user/e/easilar/www/METPhiCorr/DY_Fall15/egammaHFPlus_mult.root has been created
Info in <TCanvas::Print>: png file /afs/hephy.at/user/e/easilar/www/METPhiCorr/DY_Fall15/egammaHFPlus_mult.png has been created
Info in <TCanvas::MakeDefCanvas>:  created default TCanvas with name c1
[?1034hmap egammaHFMinus input /data/easilar/METPhiCorr/RootFiles/DY_Fall15/DYJetsToLL_M-50_TuneCUETP8M1_13TeV-amcatnloFXFX-pythia8_RunIIFall15MiniAODv2-PU25nsData2015v1_76X_mcRun2_asymptotic_v12-v1_V2.root mode multiplicity yZoomrange (-4, 4) fitRange (0, 180) xZoomRange (0, 300)
 FCN=227.676 FROM MIGRAD    STATUS=CONVERGED      48 CALLS          49 TOTAL
                     EDM=6.75031e-20    STRATEGY= 1      ERROR MATRIX ACCURATE 
  EXT PARAMETER                                   STEP         FIRST   
  NO.   NAME      VALUE            ERROR          SIZE      DERIVATIVE 
   1  p0           1.27967e-04   3.68586e-05   3.25177e-08   8.74037e-06
   2  p1           3.42110e-06   2.71147e-07   1.98253e-09  -1.68027e-04
 FCN=216.091 FROM MIGRAD    STATUS=CONVERGED      48 CALLS          49 TOTAL
                     EDM=3.41441e-21    STRATEGY= 1      ERROR MATRIX ACCURATE 
  EXT PARAMETER                                   STEP         FIRST   
  NO.   NAME      VALUE            ERROR          SIZE      DERIVATIVE 
   1  p0           2.62674e-04   3.68044e-05   3.16459e-08  -2.24529e-06
   2  p1           2.22809e-06   2.70694e-07   1.89256e-09   0.00000e+00
Info in <TCanvas::Print>: pdf file /afs/hephy.at/user/e/easilar/www/METPhiCorr/DY_Fall15/egammaHFMinus_mult.pdf has been created
Info in <TCanvas::SaveAs>: ROOT file /afs/hephy.at/user/e/easilar/www/METPhiCorr/DY_Fall15/egammaHFMinus_mult.root has been created
Info in <TCanvas::Print>: png file /afs/hephy.at/user/e/easilar/www/METPhiCorr/DY_Fall15/egammaHFMinus_mult.png has been created
Outputs written to: multPhiCorr_76_DY_Fall15_cfi.py
